2014/09/17 02:41:09 [/admin/index.php] Warning(E_WARNING): fopen(https://192.168.218.200:443/admin/install): failed to open stream: HTTP request failed! HTTP/1.1 404 Not Found
 on [/var/www/data/class/util/SC_Utils.php(84)] from 192.168.218.1
2014/09/17 02:47:59 [/admin/mail/index.php] Fatal error(E_USER_ERROR): DB処理でエラーが発生しました。
SQL: [SELECT sess_data FROM dtb_session WHERE sess_id = ?   ]
MDB2 Error: no such table
_doQuery: [Error message: Could not execute statement]
[Last executed query: PREPARE mdb2_statement_mysql_3513ad75ab2b7c97299fb865ae5e05735d887a639 FROM 'SELECT sess_data FROM dtb_session WHERE sess_id = ?   ']
[Native code: 1146]
[Native message: Table 'taheebo_db.dtb_session' doesn't exist]
 on [/var/www/data/class/SC_Query.php(1087)] from 192.168.218.1
login_id = ()[ksrffcreehavg3cdeo6ncbhgs1]
/var/www/html/admin/mail/index.php(24): require_once
/var/www/html/admin/require.php(35): require_once
/var/www/data/require_base.php(45): SC_SessionFactory_UseCookie->initSession
/var/www/data/class/sessionfactory/SC_SessionFactory_UseCookie.php(53): session_start
(): SC_Helper_Session->sfSessRead
/var/www/data/class/helper/SC_Helper_Session.php(70): SC_Query->select
/var/www/data/class/SC_Query.php(176): SC_Query->getAll
/var/www/data/class/SC_Query.php(296): SC_Query->prepare
/var/www/data/class/SC_Query.php(1016): SC_Query->error
/var/www/data/class/SC_Query.php(1087): trigger_error
2014/09/17 02:48:03 [/admin/mail/index.php] Fatal error(E_USER_ERROR): DB処理でエラーが発生しました。
SQL: [SELECT sess_data FROM dtb_session WHERE sess_id = ?   ]
MDB2 Error: no such table
_doQuery: [Error message: Could not execute statement]
[Last executed query: PREPARE mdb2_statement_mysql_3e1095669affca945045de41f7cdee7a283d427fb FROM 'SELECT sess_data FROM dtb_session WHERE sess_id = ?   ']
[Native code: 1146]
[Native message: Table 'taheebo_db.dtb_session' doesn't exist]
 on [/var/www/data/class/SC_Query.php(1087)] from 192.168.218.1
login_id = ()[ksrffcreehavg3cdeo6ncbhgs1]
/var/www/html/admin/mail/index.php(24): require_once
/var/www/html/admin/require.php(35): require_once
/var/www/data/require_base.php(45): SC_SessionFactory_UseCookie->initSession
/var/www/data/class/sessionfactory/SC_SessionFactory_UseCookie.php(53): session_start
(): SC_Helper_Session->sfSessRead
/var/www/data/class/helper/SC_Helper_Session.php(70): SC_Query->select
/var/www/data/class/SC_Query.php(176): SC_Query->getAll
/var/www/data/class/SC_Query.php(296): SC_Query->prepare
/var/www/data/class/SC_Query.php(1016): SC_Query->error
/var/www/data/class/SC_Query.php(1087): trigger_error
2014/09/17 02:48:03 [/admin/index.php] Fatal error(E_USER_ERROR): DB処理でエラーが発生しました。
SQL: [SELECT sess_data FROM dtb_session WHERE sess_id = ?   ]
MDB2 Error: no such table
_doQuery: [Error message: Could not execute statement]
[Last executed query: PREPARE mdb2_statement_mysql_37a2a4647ced60d59ad7a8fb0a08610dd43df4655 FROM 'SELECT sess_data FROM dtb_session WHERE sess_id = ?   ']
[Native code: 1146]
[Native message: Table 'taheebo_db.dtb_session' doesn't exist]
 on [/var/www/data/class/SC_Query.php(1087)] from 192.168.218.1
login_id = ()[ksrffcreehavg3cdeo6ncbhgs1]
/var/www/html/admin/index.php(23): require_once
/var/www/html/admin/require.php(35): require_once
/var/www/data/require_base.php(45): SC_SessionFactory_UseCookie->initSession
/var/www/data/class/sessionfactory/SC_SessionFactory_UseCookie.php(53): session_start
(): SC_Helper_Session->sfSessRead
/var/www/data/class/helper/SC_Helper_Session.php(70): SC_Query->select
/var/www/data/class/SC_Query.php(176): SC_Query->getAll
/var/www/data/class/SC_Query.php(296): SC_Query->prepare
/var/www/data/class/SC_Query.php(1016): SC_Query->error
/var/www/data/class/SC_Query.php(1087): trigger_error
2014/09/17 02:48:03 [/admin/index.php] Fatal error(E_USER_ERROR): DB処理でエラーが発生しました。
SQL: [SELECT sess_data FROM dtb_session WHERE sess_id = ?   ]
MDB2 Error: no such table
_doQuery: [Error message: Could not execute statement]
[Last executed query: PREPARE mdb2_statement_mysql_38c25e319395f536c150111978ca45f761dae18af FROM 'SELECT sess_data FROM dtb_session WHERE sess_id = ?   ']
[Native code: 1146]
[Native message: Table 'taheebo_db.dtb_session' doesn't exist]
 on [/var/www/data/class/SC_Query.php(1087)] from 192.168.218.1
login_id = ()[ksrffcreehavg3cdeo6ncbhgs1]
/var/www/html/admin/index.php(23): require_once
/var/www/html/admin/require.php(35): require_once
/var/www/data/require_base.php(45): SC_SessionFactory_UseCookie->initSession
/var/www/data/class/sessionfactory/SC_SessionFactory_UseCookie.php(53): session_start
(): SC_Helper_Session->sfSessRead
/var/www/data/class/helper/SC_Helper_Session.php(70): SC_Query->select
/var/www/data/class/SC_Query.php(176): SC_Query->getAll
/var/www/data/class/SC_Query.php(296): SC_Query->prepare
/var/www/data/class/SC_Query.php(1016): SC_Query->error
/var/www/data/class/SC_Query.php(1087): trigger_error
2014/09/17 02:48:23 [/admin/index.php] Warning(E_WARNING): fopen(https://192.168.218.200:443/admin/install): failed to open stream: HTTP request failed! HTTP/1.1 404 Not Found
 on [/var/www/data/class/util/SC_Utils.php(84)] from 192.168.218.1
