2014/12/02 11:43:21 [/admin/customer/index.php] SendRequest:https://pt01.mul-pay.jp/payment/DeleteCard.idPass from 180.46.98.47
2014/12/02 11:43:21 [/admin/customer/index.php] Array
(
    [SiteID] => tsite00016367
    [SitePass] => ******
    [MemberID] => 14
)
 from 180.46.98.47
2014/12/02 11:43:21 [/admin/customer/index.php] ErrCode=E01|E01&ErrInfo=E01230006|E01240002 from 180.46.98.47
2014/12/02 11:43:21 [/admin/customer/index.php] Array
(
    [0] => Array
        (
            [ErrCode] => E01
            [ErrInfo] => E01230006
        )

    [1] => Array
        (
            [ErrCode] => E01
            [ErrInfo] => E01240002
        )

)
 from 180.46.98.47
2014/12/02 11:43:30 [/admin/customer/index.php] SendRequest:https://pt01.mul-pay.jp/payment/DeleteCard.idPass from 180.46.98.47
2014/12/02 11:43:30 [/admin/customer/index.php] Array
(
    [SiteID] => tsite00016367
    [SitePass] => ******
    [MemberID] => 7
)
 from 180.46.98.47
2014/12/02 11:43:30 [/admin/customer/index.php] ErrCode=E01|E01&ErrInfo=E01230006|E01240002 from 180.46.98.47
2014/12/02 11:43:30 [/admin/customer/index.php] Array
(
    [0] => Array
        (
            [ErrCode] => E01
            [ErrInfo] => E01230006
        )

    [1] => Array
        (
            [ErrCode] => E01
            [ErrInfo] => E01240002
        )

)
 from 180.46.98.47
2014/12/02 15:50:58 [/admin/customer/index.php] SendRequest:https://pt01.mul-pay.jp/payment/DeleteCard.idPass from 180.46.98.47
2014/12/02 15:50:58 [/admin/customer/index.php] Array
(
    [SiteID] => tsite00016367
    [SitePass] => ******
    [MemberID] => 22
)
 from 180.46.98.47
2014/12/02 15:50:59 [/admin/customer/index.php] ErrCode=E01|E01|E01&ErrInfo=E01390002|E01230006|E01240002 from 180.46.98.47
2014/12/02 15:50:59 [/admin/customer/index.php] Array
(
    [0] => Array
        (
            [ErrCode] => E01
            [ErrInfo] => E01390002
        )

    [1] => Array
        (
            [ErrCode] => E01
            [ErrInfo] => E01230006
        )

    [2] => Array
        (
            [ErrCode] => E01
            [ErrInfo] => E01240002
        )

)
 from 180.46.98.47
2014/12/02 16:09:51 [/admin/customer/index.php] SendRequest:https://pt01.mul-pay.jp/payment/DeleteCard.idPass from 180.46.98.47
2014/12/02 16:09:51 [/admin/customer/index.php] Array
(
    [SiteID] => tsite00016367
    [SitePass] => ******
    [MemberID] => 24
)
 from 180.46.98.47
2014/12/02 16:09:51 [/admin/customer/index.php] ErrCode=E01|E01|E01&ErrInfo=E01390002|E01230006|E01240002 from 180.46.98.47
2014/12/02 16:09:51 [/admin/customer/index.php] Array
(
    [0] => Array
        (
            [ErrCode] => E01
            [ErrInfo] => E01390002
        )

    [1] => Array
        (
            [ErrCode] => E01
            [ErrInfo] => E01230006
        )

    [2] => Array
        (
            [ErrCode] => E01
            [ErrInfo] => E01240002
        )

)
 from 180.46.98.47
2014/12/02 16:09:54 [/admin/customer/index.php] SendRequest:https://pt01.mul-pay.jp/payment/DeleteCard.idPass from 180.46.98.47
2014/12/02 16:09:54 [/admin/customer/index.php] Array
(
    [SiteID] => tsite00016367
    [SitePass] => ******
    [MemberID] => 25
)
 from 180.46.98.47
2014/12/02 16:09:54 [/admin/customer/index.php] ErrCode=E01|E01|E01&ErrInfo=E01390002|E01230006|E01240002 from 180.46.98.47
2014/12/02 16:09:54 [/admin/customer/index.php] Array
(
    [0] => Array
        (
            [ErrCode] => E01
            [ErrInfo] => E01390002
        )

    [1] => Array
        (
            [ErrCode] => E01
            [ErrInfo] => E01230006
        )

    [2] => Array
        (
            [ErrCode] => E01
            [ErrInfo] => E01240002
        )

)
 from 180.46.98.47
