2014/09/29 02:08:30 [/admin/ownersstore/index.php] BbAdminViewsControl disable: start from 192.168.218.1
login_id = taheebo(0)[2f416ut1okmr67ggqvismknsf2]
/var/www/html/admin/ownersstore/index.php(29): LC_Page_Admin_OwnersStore_Ex->process
/var/www/data/class_extends/page_extends/admin/ownersstore/LC_Page_Admin_OwnersStore_Ex.php(54): LC_Page_Admin_OwnersStore->process
/var/www/data/class/pages/admin/ownersstore/LC_Page_Admin_OwnersStore.php(57): LC_Page_Admin_OwnersStore->action
/var/www/data/class/pages/admin/ownersstore/LC_Page_Admin_OwnersStore.php(134): LC_Page_Admin_OwnersStore->disablePlugin
/var/www/data/class/pages/admin/ownersstore/LC_Page_Admin_OwnersStore.php(751): LC_Page_Admin_OwnersStore->execPlugin
/var/www/data/class/pages/admin/ownersstore/LC_Page_Admin_OwnersStore.php(910): SC_Plugin_Installer->execPlugin
/var/www/data/class/plugin/SC_Plugin_Installer.php(51): SC_Plugin_Installer->log
/var/www/data/class/plugin/SC_Plugin_Installer.php(181): GC_Utils->gfPrintLog
2014/09/29 02:08:30 [/admin/ownersstore/index.php] BbAdminViewsControl disable: end from 192.168.218.1
login_id = taheebo(0)[2f416ut1okmr67ggqvismknsf2]
/var/www/html/admin/ownersstore/index.php(29): LC_Page_Admin_OwnersStore_Ex->process
/var/www/data/class_extends/page_extends/admin/ownersstore/LC_Page_Admin_OwnersStore_Ex.php(54): LC_Page_Admin_OwnersStore->process
/var/www/data/class/pages/admin/ownersstore/LC_Page_Admin_OwnersStore.php(57): LC_Page_Admin_OwnersStore->action
/var/www/data/class/pages/admin/ownersstore/LC_Page_Admin_OwnersStore.php(134): LC_Page_Admin_OwnersStore->disablePlugin
/var/www/data/class/pages/admin/ownersstore/LC_Page_Admin_OwnersStore.php(751): LC_Page_Admin_OwnersStore->execPlugin
/var/www/data/class/pages/admin/ownersstore/LC_Page_Admin_OwnersStore.php(910): SC_Plugin_Installer->execPlugin
/var/www/data/class/plugin/SC_Plugin_Installer.php(137): SC_Plugin_Installer->log
/var/www/data/class/plugin/SC_Plugin_Installer.php(181): GC_Utils->gfPrintLog
2014/09/29 02:17:22 [/admin/ownersstore/index.php] BbAdminViewsControl enable: start from 192.168.218.1
login_id = taheebo(0)[2f416ut1okmr67ggqvismknsf2]
/var/www/html/admin/ownersstore/index.php(29): LC_Page_Admin_OwnersStore_Ex->process
/var/www/data/class_extends/page_extends/admin/ownersstore/LC_Page_Admin_OwnersStore_Ex.php(54): LC_Page_Admin_OwnersStore->process
/var/www/data/class/pages/admin/ownersstore/LC_Page_Admin_OwnersStore.php(57): LC_Page_Admin_OwnersStore->action
/var/www/data/class/pages/admin/ownersstore/LC_Page_Admin_OwnersStore.php(116): LC_Page_Admin_OwnersStore->enablePlugin
/var/www/data/class/pages/admin/ownersstore/LC_Page_Admin_OwnersStore.php(724): LC_Page_Admin_OwnersStore->execPlugin
/var/www/data/class/pages/admin/ownersstore/LC_Page_Admin_OwnersStore.php(910): SC_Plugin_Installer->execPlugin
/var/www/data/class/plugin/SC_Plugin_Installer.php(51): SC_Plugin_Installer->log
/var/www/data/class/plugin/SC_Plugin_Installer.php(181): GC_Utils->gfPrintLog
2014/09/29 02:17:22 [/admin/ownersstore/index.php] BbAdminViewsControl enable: end from 192.168.218.1
login_id = taheebo(0)[2f416ut1okmr67ggqvismknsf2]
/var/www/html/admin/ownersstore/index.php(29): LC_Page_Admin_OwnersStore_Ex->process
/var/www/data/class_extends/page_extends/admin/ownersstore/LC_Page_Admin_OwnersStore_Ex.php(54): LC_Page_Admin_OwnersStore->process
/var/www/data/class/pages/admin/ownersstore/LC_Page_Admin_OwnersStore.php(57): LC_Page_Admin_OwnersStore->action
/var/www/data/class/pages/admin/ownersstore/LC_Page_Admin_OwnersStore.php(116): LC_Page_Admin_OwnersStore->enablePlugin
/var/www/data/class/pages/admin/ownersstore/LC_Page_Admin_OwnersStore.php(724): LC_Page_Admin_OwnersStore->execPlugin
/var/www/data/class/pages/admin/ownersstore/LC_Page_Admin_OwnersStore.php(910): SC_Plugin_Installer->execPlugin
/var/www/data/class/plugin/SC_Plugin_Installer.php(137): SC_Plugin_Installer->log
/var/www/data/class/plugin/SC_Plugin_Installer.php(181): GC_Utils->gfPrintLog
2014/09/29 02:23:16 [/admin/ownersstore/index.php] BbAdminViewsControl disable: start from 192.168.218.1
login_id = taheebo(0)[2f416ut1okmr67ggqvismknsf2]
/var/www/html/admin/ownersstore/index.php(29): LC_Page_Admin_OwnersStore_Ex->process
/var/www/data/class_extends/page_extends/admin/ownersstore/LC_Page_Admin_OwnersStore_Ex.php(54): LC_Page_Admin_OwnersStore->process
/var/www/data/class/pages/admin/ownersstore/LC_Page_Admin_OwnersStore.php(57): LC_Page_Admin_OwnersStore->action
/var/www/data/class/pages/admin/ownersstore/LC_Page_Admin_OwnersStore.php(134): LC_Page_Admin_OwnersStore->disablePlugin
/var/www/data/class/pages/admin/ownersstore/LC_Page_Admin_OwnersStore.php(751): LC_Page_Admin_OwnersStore->execPlugin
/var/www/data/class/pages/admin/ownersstore/LC_Page_Admin_OwnersStore.php(910): SC_Plugin_Installer->execPlugin
/var/www/data/class/plugin/SC_Plugin_Installer.php(51): SC_Plugin_Installer->log
/var/www/data/class/plugin/SC_Plugin_Installer.php(181): GC_Utils->gfPrintLog
2014/09/29 02:23:16 [/admin/ownersstore/index.php] BbAdminViewsControl disable: end from 192.168.218.1
login_id = taheebo(0)[2f416ut1okmr67ggqvismknsf2]
/var/www/html/admin/ownersstore/index.php(29): LC_Page_Admin_OwnersStore_Ex->process
/var/www/data/class_extends/page_extends/admin/ownersstore/LC_Page_Admin_OwnersStore_Ex.php(54): LC_Page_Admin_OwnersStore->process
/var/www/data/class/pages/admin/ownersstore/LC_Page_Admin_OwnersStore.php(57): LC_Page_Admin_OwnersStore->action
/var/www/data/class/pages/admin/ownersstore/LC_Page_Admin_OwnersStore.php(134): LC_Page_Admin_OwnersStore->disablePlugin
/var/www/data/class/pages/admin/ownersstore/LC_Page_Admin_OwnersStore.php(751): LC_Page_Admin_OwnersStore->execPlugin
/var/www/data/class/pages/admin/ownersstore/LC_Page_Admin_OwnersStore.php(910): SC_Plugin_Installer->execPlugin
/var/www/data/class/plugin/SC_Plugin_Installer.php(137): SC_Plugin_Installer->log
/var/www/data/class/plugin/SC_Plugin_Installer.php(181): GC_Utils->gfPrintLog
2014/09/29 02:23:32 [/admin/ownersstore/index.php] BbAdminViewsControl enable: start from 192.168.218.1
login_id = taheebo(0)[2f416ut1okmr67ggqvismknsf2]
/var/www/html/admin/ownersstore/index.php(29): LC_Page_Admin_OwnersStore_Ex->process
/var/www/data/class_extends/page_extends/admin/ownersstore/LC_Page_Admin_OwnersStore_Ex.php(54): LC_Page_Admin_OwnersStore->process
/var/www/data/class/pages/admin/ownersstore/LC_Page_Admin_OwnersStore.php(57): LC_Page_Admin_OwnersStore->action
/var/www/data/class/pages/admin/ownersstore/LC_Page_Admin_OwnersStore.php(116): LC_Page_Admin_OwnersStore->enablePlugin
/var/www/data/class/pages/admin/ownersstore/LC_Page_Admin_OwnersStore.php(724): LC_Page_Admin_OwnersStore->execPlugin
/var/www/data/class/pages/admin/ownersstore/LC_Page_Admin_OwnersStore.php(910): SC_Plugin_Installer->execPlugin
/var/www/data/class/plugin/SC_Plugin_Installer.php(51): SC_Plugin_Installer->log
/var/www/data/class/plugin/SC_Plugin_Installer.php(181): GC_Utils->gfPrintLog
2014/09/29 02:23:32 [/admin/ownersstore/index.php] BbAdminViewsControl enable: end from 192.168.218.1
login_id = taheebo(0)[2f416ut1okmr67ggqvismknsf2]
/var/www/html/admin/ownersstore/index.php(29): LC_Page_Admin_OwnersStore_Ex->process
/var/www/data/class_extends/page_extends/admin/ownersstore/LC_Page_Admin_OwnersStore_Ex.php(54): LC_Page_Admin_OwnersStore->process
/var/www/data/class/pages/admin/ownersstore/LC_Page_Admin_OwnersStore.php(57): LC_Page_Admin_OwnersStore->action
/var/www/data/class/pages/admin/ownersstore/LC_Page_Admin_OwnersStore.php(116): LC_Page_Admin_OwnersStore->enablePlugin
/var/www/data/class/pages/admin/ownersstore/LC_Page_Admin_OwnersStore.php(724): LC_Page_Admin_OwnersStore->execPlugin
/var/www/data/class/pages/admin/ownersstore/LC_Page_Admin_OwnersStore.php(910): SC_Plugin_Installer->execPlugin
/var/www/data/class/plugin/SC_Plugin_Installer.php(137): SC_Plugin_Installer->log
/var/www/data/class/plugin/SC_Plugin_Installer.php(181): GC_Utils->gfPrintLog
2014/09/29 02:56:50 [/admin/ownersstore/index.php] BbAdminViewsControl enable: start from 192.168.218.1
login_id = taheebo(0)[2f416ut1okmr67ggqvismknsf2]
/var/www/html/admin/ownersstore/index.php(29): LC_Page_Admin_OwnersStore_Ex->process
/var/www/data/class_extends/page_extends/admin/ownersstore/LC_Page_Admin_OwnersStore_Ex.php(54): LC_Page_Admin_OwnersStore->process
/var/www/data/class/pages/admin/ownersstore/LC_Page_Admin_OwnersStore.php(57): LC_Page_Admin_OwnersStore->action
/var/www/data/class/pages/admin/ownersstore/LC_Page_Admin_OwnersStore.php(116): LC_Page_Admin_OwnersStore->enablePlugin
/var/www/data/class/pages/admin/ownersstore/LC_Page_Admin_OwnersStore.php(724): LC_Page_Admin_OwnersStore->execPlugin
/var/www/data/class/pages/admin/ownersstore/LC_Page_Admin_OwnersStore.php(910): SC_Plugin_Installer->execPlugin
/var/www/data/class/plugin/SC_Plugin_Installer.php(51): SC_Plugin_Installer->log
/var/www/data/class/plugin/SC_Plugin_Installer.php(181): GC_Utils->gfPrintLog
2014/09/29 02:56:50 [/admin/ownersstore/index.php] BbAdminViewsControl enable: end from 192.168.218.1
login_id = taheebo(0)[2f416ut1okmr67ggqvismknsf2]
/var/www/html/admin/ownersstore/index.php(29): LC_Page_Admin_OwnersStore_Ex->process
/var/www/data/class_extends/page_extends/admin/ownersstore/LC_Page_Admin_OwnersStore_Ex.php(54): LC_Page_Admin_OwnersStore->process
/var/www/data/class/pages/admin/ownersstore/LC_Page_Admin_OwnersStore.php(57): LC_Page_Admin_OwnersStore->action
/var/www/data/class/pages/admin/ownersstore/LC_Page_Admin_OwnersStore.php(116): LC_Page_Admin_OwnersStore->enablePlugin
/var/www/data/class/pages/admin/ownersstore/LC_Page_Admin_OwnersStore.php(724): LC_Page_Admin_OwnersStore->execPlugin
/var/www/data/class/pages/admin/ownersstore/LC_Page_Admin_OwnersStore.php(910): SC_Plugin_Installer->execPlugin
/var/www/data/class/plugin/SC_Plugin_Installer.php(137): SC_Plugin_Installer->log
/var/www/data/class/plugin/SC_Plugin_Installer.php(181): GC_Utils->gfPrintLog
2014/09/29 10:55:50 [/admin/ownersstore/index.php] BbAdminViewsControl disable: start from 192.168.218.1
login_id = taheebo(0)[filckf95n7fnh0lef76p6jl4b6]
/var/www/html/admin/ownersstore/index.php(29): LC_Page_Admin_OwnersStore_Ex->process
/var/www/data/class_extends/page_extends/admin/ownersstore/LC_Page_Admin_OwnersStore_Ex.php(54): LC_Page_Admin_OwnersStore->process
/var/www/data/class/pages/admin/ownersstore/LC_Page_Admin_OwnersStore.php(57): LC_Page_Admin_OwnersStore->action
/var/www/data/class/pages/admin/ownersstore/LC_Page_Admin_OwnersStore.php(134): LC_Page_Admin_OwnersStore->disablePlugin
/var/www/data/class/pages/admin/ownersstore/LC_Page_Admin_OwnersStore.php(751): LC_Page_Admin_OwnersStore->execPlugin
/var/www/data/class/pages/admin/ownersstore/LC_Page_Admin_OwnersStore.php(910): SC_Plugin_Installer->execPlugin
/var/www/data/class/plugin/SC_Plugin_Installer.php(51): SC_Plugin_Installer->log
/var/www/data/class/plugin/SC_Plugin_Installer.php(181): GC_Utils->gfPrintLog
2014/09/29 10:55:50 [/admin/ownersstore/index.php] BbAdminViewsControl disable: end from 192.168.218.1
login_id = taheebo(0)[filckf95n7fnh0lef76p6jl4b6]
/var/www/html/admin/ownersstore/index.php(29): LC_Page_Admin_OwnersStore_Ex->process
/var/www/data/class_extends/page_extends/admin/ownersstore/LC_Page_Admin_OwnersStore_Ex.php(54): LC_Page_Admin_OwnersStore->process
/var/www/data/class/pages/admin/ownersstore/LC_Page_Admin_OwnersStore.php(57): LC_Page_Admin_OwnersStore->action
/var/www/data/class/pages/admin/ownersstore/LC_Page_Admin_OwnersStore.php(134): LC_Page_Admin_OwnersStore->disablePlugin
/var/www/data/class/pages/admin/ownersstore/LC_Page_Admin_OwnersStore.php(751): LC_Page_Admin_OwnersStore->execPlugin
/var/www/data/class/pages/admin/ownersstore/LC_Page_Admin_OwnersStore.php(910): SC_Plugin_Installer->execPlugin
/var/www/data/class/plugin/SC_Plugin_Installer.php(137): SC_Plugin_Installer->log
/var/www/data/class/plugin/SC_Plugin_Installer.php(181): GC_Utils->gfPrintLog
2014/09/29 10:55:55 [/admin/ownersstore/index.php] BbAdminViewsControl disable: start from 192.168.218.1
login_id = taheebo(0)[filckf95n7fnh0lef76p6jl4b6]
/var/www/html/admin/ownersstore/index.php(29): LC_Page_Admin_OwnersStore_Ex->process
/var/www/data/class_extends/page_extends/admin/ownersstore/LC_Page_Admin_OwnersStore_Ex.php(54): LC_Page_Admin_OwnersStore->process
/var/www/data/class/pages/admin/ownersstore/LC_Page_Admin_OwnersStore.php(57): LC_Page_Admin_OwnersStore->action
/var/www/data/class/pages/admin/ownersstore/LC_Page_Admin_OwnersStore.php(134): LC_Page_Admin_OwnersStore->disablePlugin
/var/www/data/class/pages/admin/ownersstore/LC_Page_Admin_OwnersStore.php(751): LC_Page_Admin_OwnersStore->execPlugin
/var/www/data/class/pages/admin/ownersstore/LC_Page_Admin_OwnersStore.php(910): SC_Plugin_Installer->execPlugin
/var/www/data/class/plugin/SC_Plugin_Installer.php(51): SC_Plugin_Installer->log
/var/www/data/class/plugin/SC_Plugin_Installer.php(181): GC_Utils->gfPrintLog
2014/09/29 10:55:55 [/admin/ownersstore/index.php] BbAdminViewsControl disable: end from 192.168.218.1
login_id = taheebo(0)[filckf95n7fnh0lef76p6jl4b6]
/var/www/html/admin/ownersstore/index.php(29): LC_Page_Admin_OwnersStore_Ex->process
/var/www/data/class_extends/page_extends/admin/ownersstore/LC_Page_Admin_OwnersStore_Ex.php(54): LC_Page_Admin_OwnersStore->process
/var/www/data/class/pages/admin/ownersstore/LC_Page_Admin_OwnersStore.php(57): LC_Page_Admin_OwnersStore->action
/var/www/data/class/pages/admin/ownersstore/LC_Page_Admin_OwnersStore.php(134): LC_Page_Admin_OwnersStore->disablePlugin
/var/www/data/class/pages/admin/ownersstore/LC_Page_Admin_OwnersStore.php(751): LC_Page_Admin_OwnersStore->execPlugin
/var/www/data/class/pages/admin/ownersstore/LC_Page_Admin_OwnersStore.php(910): SC_Plugin_Installer->execPlugin
/var/www/data/class/plugin/SC_Plugin_Installer.php(137): SC_Plugin_Installer->log
/var/www/data/class/plugin/SC_Plugin_Installer.php(181): GC_Utils->gfPrintLog
2014/09/29 10:56:16 [/admin/ownersstore/index.php] BbAdminViewsControl disable: start from 192.168.218.1
login_id = taheebo(0)[filckf95n7fnh0lef76p6jl4b6]
/var/www/html/admin/ownersstore/index.php(29): LC_Page_Admin_OwnersStore_Ex->process
/var/www/data/class_extends/page_extends/admin/ownersstore/LC_Page_Admin_OwnersStore_Ex.php(54): LC_Page_Admin_OwnersStore->process
/var/www/data/class/pages/admin/ownersstore/LC_Page_Admin_OwnersStore.php(57): LC_Page_Admin_OwnersStore->action
/var/www/data/class/pages/admin/ownersstore/LC_Page_Admin_OwnersStore.php(134): LC_Page_Admin_OwnersStore->disablePlugin
/var/www/data/class/pages/admin/ownersstore/LC_Page_Admin_OwnersStore.php(751): LC_Page_Admin_OwnersStore->execPlugin
/var/www/data/class/pages/admin/ownersstore/LC_Page_Admin_OwnersStore.php(910): SC_Plugin_Installer->execPlugin
/var/www/data/class/plugin/SC_Plugin_Installer.php(51): SC_Plugin_Installer->log
/var/www/data/class/plugin/SC_Plugin_Installer.php(181): GC_Utils->gfPrintLog
2014/09/29 10:56:16 [/admin/ownersstore/index.php] BbAdminViewsControl disable: end from 192.168.218.1
login_id = taheebo(0)[filckf95n7fnh0lef76p6jl4b6]
/var/www/html/admin/ownersstore/index.php(29): LC_Page_Admin_OwnersStore_Ex->process
/var/www/data/class_extends/page_extends/admin/ownersstore/LC_Page_Admin_OwnersStore_Ex.php(54): LC_Page_Admin_OwnersStore->process
/var/www/data/class/pages/admin/ownersstore/LC_Page_Admin_OwnersStore.php(57): LC_Page_Admin_OwnersStore->action
/var/www/data/class/pages/admin/ownersstore/LC_Page_Admin_OwnersStore.php(134): LC_Page_Admin_OwnersStore->disablePlugin
/var/www/data/class/pages/admin/ownersstore/LC_Page_Admin_OwnersStore.php(751): LC_Page_Admin_OwnersStore->execPlugin
/var/www/data/class/pages/admin/ownersstore/LC_Page_Admin_OwnersStore.php(910): SC_Plugin_Installer->execPlugin
/var/www/data/class/plugin/SC_Plugin_Installer.php(137): SC_Plugin_Installer->log
/var/www/data/class/plugin/SC_Plugin_Installer.php(181): GC_Utils->gfPrintLog
2014/09/29 11:32:57 [/admin/ownersstore/index.php] BbAdminViewsControl uninstall: start from 192.168.218.1
login_id = taheebo(0)[filckf95n7fnh0lef76p6jl4b6]
/var/www/html/admin/ownersstore/index.php(29): LC_Page_Admin_OwnersStore_Ex->process
/var/www/data/class_extends/page_extends/admin/ownersstore/LC_Page_Admin_OwnersStore_Ex.php(54): LC_Page_Admin_OwnersStore->process
/var/www/data/class/pages/admin/ownersstore/LC_Page_Admin_OwnersStore.php(57): LC_Page_Admin_OwnersStore->action
/var/www/data/class/pages/admin/ownersstore/LC_Page_Admin_OwnersStore.php(98): LC_Page_Admin_OwnersStore->uninstallPlugin
/var/www/data/class/pages/admin/ownersstore/LC_Page_Admin_OwnersStore.php(701): LC_Page_Admin_OwnersStore->execPlugin
/var/www/data/class/pages/admin/ownersstore/LC_Page_Admin_OwnersStore.php(910): SC_Plugin_Installer->execPlugin
/var/www/data/class/plugin/SC_Plugin_Installer.php(51): SC_Plugin_Installer->log
/var/www/data/class/plugin/SC_Plugin_Installer.php(181): GC_Utils->gfPrintLog
2014/09/29 11:32:57 [/admin/ownersstore/index.php] BbAdminViewsControl uninstall: end from 192.168.218.1
login_id = taheebo(0)[filckf95n7fnh0lef76p6jl4b6]
/var/www/html/admin/ownersstore/index.php(29): LC_Page_Admin_OwnersStore_Ex->process
/var/www/data/class_extends/page_extends/admin/ownersstore/LC_Page_Admin_OwnersStore_Ex.php(54): LC_Page_Admin_OwnersStore->process
/var/www/data/class/pages/admin/ownersstore/LC_Page_Admin_OwnersStore.php(57): LC_Page_Admin_OwnersStore->action
/var/www/data/class/pages/admin/ownersstore/LC_Page_Admin_OwnersStore.php(98): LC_Page_Admin_OwnersStore->uninstallPlugin
/var/www/data/class/pages/admin/ownersstore/LC_Page_Admin_OwnersStore.php(701): LC_Page_Admin_OwnersStore->execPlugin
/var/www/data/class/pages/admin/ownersstore/LC_Page_Admin_OwnersStore.php(910): SC_Plugin_Installer->execPlugin
/var/www/data/class/plugin/SC_Plugin_Installer.php(137): SC_Plugin_Installer->log
/var/www/data/class/plugin/SC_Plugin_Installer.php(181): GC_Utils->gfPrintLog
2014/10/05 16:55:01 [/admin/ownersstore/index.php] ChangePDFLogo install: start from 192.168.218.1
login_id = taheebo(0)[at9gl9kbhitv5g3ngn2b07ip53]
/var/www/html/admin/ownersstore/index.php(29): LC_Page_Admin_OwnersStore_Ex->process
/var/www/data/class_extends/page_extends/admin/ownersstore/LC_Page_Admin_OwnersStore_Ex.php(54): LC_Page_Admin_OwnersStore->process
/var/www/data/class/pages/admin/ownersstore/LC_Page_Admin_OwnersStore.php(57): LC_Page_Admin_OwnersStore->action
/var/www/data/class/pages/admin/ownersstore/LC_Page_Admin_OwnersStore.php(83): LC_Page_Admin_OwnersStore->installPlugin
/var/www/data/class/pages/admin/ownersstore/LC_Page_Admin_OwnersStore.php(421): LC_Page_Admin_OwnersStore->execPlugin
/var/www/data/class/pages/admin/ownersstore/LC_Page_Admin_OwnersStore.php(910): SC_Plugin_Installer->execPlugin
/var/www/data/class/plugin/SC_Plugin_Installer.php(51): SC_Plugin_Installer->log
/var/www/data/class/plugin/SC_Plugin_Installer.php(181): GC_Utils->gfPrintLog
2014/10/05 16:55:01 [/admin/ownersstore/index.php] ChangePDFLogo install: end from 192.168.218.1
login_id = taheebo(0)[at9gl9kbhitv5g3ngn2b07ip53]
/var/www/html/admin/ownersstore/index.php(29): LC_Page_Admin_OwnersStore_Ex->process
/var/www/data/class_extends/page_extends/admin/ownersstore/LC_Page_Admin_OwnersStore_Ex.php(54): LC_Page_Admin_OwnersStore->process
/var/www/data/class/pages/admin/ownersstore/LC_Page_Admin_OwnersStore.php(57): LC_Page_Admin_OwnersStore->action
/var/www/data/class/pages/admin/ownersstore/LC_Page_Admin_OwnersStore.php(83): LC_Page_Admin_OwnersStore->installPlugin
/var/www/data/class/pages/admin/ownersstore/LC_Page_Admin_OwnersStore.php(421): LC_Page_Admin_OwnersStore->execPlugin
/var/www/data/class/pages/admin/ownersstore/LC_Page_Admin_OwnersStore.php(910): SC_Plugin_Installer->execPlugin
/var/www/data/class/plugin/SC_Plugin_Installer.php(137): SC_Plugin_Installer->log
/var/www/data/class/plugin/SC_Plugin_Installer.php(181): GC_Utils->gfPrintLog
2014/10/05 16:55:26 [/admin/ownersstore/index.php] ChangePDFLogo enable: start from 192.168.218.1
login_id = taheebo(0)[at9gl9kbhitv5g3ngn2b07ip53]
/var/www/html/admin/ownersstore/index.php(29): LC_Page_Admin_OwnersStore_Ex->process
/var/www/data/class_extends/page_extends/admin/ownersstore/LC_Page_Admin_OwnersStore_Ex.php(54): LC_Page_Admin_OwnersStore->process
/var/www/data/class/pages/admin/ownersstore/LC_Page_Admin_OwnersStore.php(57): LC_Page_Admin_OwnersStore->action
/var/www/data/class/pages/admin/ownersstore/LC_Page_Admin_OwnersStore.php(116): LC_Page_Admin_OwnersStore->enablePlugin
/var/www/data/class/pages/admin/ownersstore/LC_Page_Admin_OwnersStore.php(724): LC_Page_Admin_OwnersStore->execPlugin
/var/www/data/class/pages/admin/ownersstore/LC_Page_Admin_OwnersStore.php(910): SC_Plugin_Installer->execPlugin
/var/www/data/class/plugin/SC_Plugin_Installer.php(51): SC_Plugin_Installer->log
/var/www/data/class/plugin/SC_Plugin_Installer.php(181): GC_Utils->gfPrintLog
2014/10/05 16:55:26 [/admin/ownersstore/index.php] ChangePDFLogo enable: end from 192.168.218.1
login_id = taheebo(0)[at9gl9kbhitv5g3ngn2b07ip53]
/var/www/html/admin/ownersstore/index.php(29): LC_Page_Admin_OwnersStore_Ex->process
/var/www/data/class_extends/page_extends/admin/ownersstore/LC_Page_Admin_OwnersStore_Ex.php(54): LC_Page_Admin_OwnersStore->process
/var/www/data/class/pages/admin/ownersstore/LC_Page_Admin_OwnersStore.php(57): LC_Page_Admin_OwnersStore->action
/var/www/data/class/pages/admin/ownersstore/LC_Page_Admin_OwnersStore.php(116): LC_Page_Admin_OwnersStore->enablePlugin
/var/www/data/class/pages/admin/ownersstore/LC_Page_Admin_OwnersStore.php(724): LC_Page_Admin_OwnersStore->execPlugin
/var/www/data/class/pages/admin/ownersstore/LC_Page_Admin_OwnersStore.php(910): SC_Plugin_Installer->execPlugin
/var/www/data/class/plugin/SC_Plugin_Installer.php(137): SC_Plugin_Installer->log
/var/www/data/class/plugin/SC_Plugin_Installer.php(181): GC_Utils->gfPrintLog
2014/10/05 16:58:26 [/admin/ownersstore/index.php] ChangePDFLogo enable: start from 192.168.218.1
login_id = taheebo(0)[at9gl9kbhitv5g3ngn2b07ip53]
/var/www/html/admin/ownersstore/index.php(29): LC_Page_Admin_OwnersStore_Ex->process
/var/www/data/class_extends/page_extends/admin/ownersstore/LC_Page_Admin_OwnersStore_Ex.php(54): LC_Page_Admin_OwnersStore->process
/var/www/data/class/pages/admin/ownersstore/LC_Page_Admin_OwnersStore.php(57): LC_Page_Admin_OwnersStore->action
/var/www/data/class/pages/admin/ownersstore/LC_Page_Admin_OwnersStore.php(116): LC_Page_Admin_OwnersStore->enablePlugin
/var/www/data/class/pages/admin/ownersstore/LC_Page_Admin_OwnersStore.php(724): LC_Page_Admin_OwnersStore->execPlugin
/var/www/data/class/pages/admin/ownersstore/LC_Page_Admin_OwnersStore.php(910): SC_Plugin_Installer->execPlugin
/var/www/data/class/plugin/SC_Plugin_Installer.php(51): SC_Plugin_Installer->log
/var/www/data/class/plugin/SC_Plugin_Installer.php(181): GC_Utils->gfPrintLog
2014/10/05 16:58:26 [/admin/ownersstore/index.php] ChangePDFLogo enable: end from 192.168.218.1
login_id = taheebo(0)[at9gl9kbhitv5g3ngn2b07ip53]
/var/www/html/admin/ownersstore/index.php(29): LC_Page_Admin_OwnersStore_Ex->process
/var/www/data/class_extends/page_extends/admin/ownersstore/LC_Page_Admin_OwnersStore_Ex.php(54): LC_Page_Admin_OwnersStore->process
/var/www/data/class/pages/admin/ownersstore/LC_Page_Admin_OwnersStore.php(57): LC_Page_Admin_OwnersStore->action
/var/www/data/class/pages/admin/ownersstore/LC_Page_Admin_OwnersStore.php(116): LC_Page_Admin_OwnersStore->enablePlugin
/var/www/data/class/pages/admin/ownersstore/LC_Page_Admin_OwnersStore.php(724): LC_Page_Admin_OwnersStore->execPlugin
/var/www/data/class/pages/admin/ownersstore/LC_Page_Admin_OwnersStore.php(910): SC_Plugin_Installer->execPlugin
/var/www/data/class/plugin/SC_Plugin_Installer.php(137): SC_Plugin_Installer->log
/var/www/data/class/plugin/SC_Plugin_Installer.php(181): GC_Utils->gfPrintLog
2014/10/05 17:15:07 [/admin/ownersstore/index.php] KuronekoB2 install: start from 192.168.218.1
login_id = taheebo(0)[at9gl9kbhitv5g3ngn2b07ip53]
/var/www/html/admin/ownersstore/index.php(29): LC_Page_Admin_OwnersStore_Ex->process
/var/www/data/class_extends/page_extends/admin/ownersstore/LC_Page_Admin_OwnersStore_Ex.php(54): LC_Page_Admin_OwnersStore->process
/var/www/data/class/pages/admin/ownersstore/LC_Page_Admin_OwnersStore.php(57): LC_Page_Admin_OwnersStore->action
/var/www/data/class/pages/admin/ownersstore/LC_Page_Admin_OwnersStore.php(83): LC_Page_Admin_OwnersStore->installPlugin
/var/www/data/class/pages/admin/ownersstore/LC_Page_Admin_OwnersStore.php(421): LC_Page_Admin_OwnersStore->execPlugin
/var/www/data/class/pages/admin/ownersstore/LC_Page_Admin_OwnersStore.php(910): SC_Plugin_Installer->execPlugin
/var/www/data/class/plugin/SC_Plugin_Installer.php(51): SC_Plugin_Installer->log
/var/www/data/class/plugin/SC_Plugin_Installer.php(181): GC_Utils->gfPrintLog
2014/10/05 17:15:07 [/admin/ownersstore/index.php] KuronekoB2 install: end from 192.168.218.1
login_id = taheebo(0)[at9gl9kbhitv5g3ngn2b07ip53]
/var/www/html/admin/ownersstore/index.php(29): LC_Page_Admin_OwnersStore_Ex->process
/var/www/data/class_extends/page_extends/admin/ownersstore/LC_Page_Admin_OwnersStore_Ex.php(54): LC_Page_Admin_OwnersStore->process
/var/www/data/class/pages/admin/ownersstore/LC_Page_Admin_OwnersStore.php(57): LC_Page_Admin_OwnersStore->action
/var/www/data/class/pages/admin/ownersstore/LC_Page_Admin_OwnersStore.php(83): LC_Page_Admin_OwnersStore->installPlugin
/var/www/data/class/pages/admin/ownersstore/LC_Page_Admin_OwnersStore.php(421): LC_Page_Admin_OwnersStore->execPlugin
/var/www/data/class/pages/admin/ownersstore/LC_Page_Admin_OwnersStore.php(910): SC_Plugin_Installer->execPlugin
/var/www/data/class/plugin/SC_Plugin_Installer.php(137): SC_Plugin_Installer->log
/var/www/data/class/plugin/SC_Plugin_Installer.php(181): GC_Utils->gfPrintLog
2014/10/05 17:15:13 [/admin/ownersstore/index.php] KuronekoB2 enable: start from 192.168.218.1
login_id = taheebo(0)[at9gl9kbhitv5g3ngn2b07ip53]
/var/www/html/admin/ownersstore/index.php(29): LC_Page_Admin_OwnersStore_Ex->process
/var/www/data/class_extends/page_extends/admin/ownersstore/LC_Page_Admin_OwnersStore_Ex.php(54): LC_Page_Admin_OwnersStore->process
/var/www/data/class/pages/admin/ownersstore/LC_Page_Admin_OwnersStore.php(57): LC_Page_Admin_OwnersStore->action
/var/www/data/class/pages/admin/ownersstore/LC_Page_Admin_OwnersStore.php(116): LC_Page_Admin_OwnersStore->enablePlugin
/var/www/data/class/pages/admin/ownersstore/LC_Page_Admin_OwnersStore.php(724): LC_Page_Admin_OwnersStore->execPlugin
/var/www/data/class/pages/admin/ownersstore/LC_Page_Admin_OwnersStore.php(910): SC_Plugin_Installer->execPlugin
/var/www/data/class/plugin/SC_Plugin_Installer.php(51): SC_Plugin_Installer->log
/var/www/data/class/plugin/SC_Plugin_Installer.php(181): GC_Utils->gfPrintLog
2014/10/05 17:15:13 [/admin/ownersstore/index.php] KuronekoB2 enable: end from 192.168.218.1
login_id = taheebo(0)[at9gl9kbhitv5g3ngn2b07ip53]
/var/www/html/admin/ownersstore/index.php(29): LC_Page_Admin_OwnersStore_Ex->process
/var/www/data/class_extends/page_extends/admin/ownersstore/LC_Page_Admin_OwnersStore_Ex.php(54): LC_Page_Admin_OwnersStore->process
/var/www/data/class/pages/admin/ownersstore/LC_Page_Admin_OwnersStore.php(57): LC_Page_Admin_OwnersStore->action
/var/www/data/class/pages/admin/ownersstore/LC_Page_Admin_OwnersStore.php(116): LC_Page_Admin_OwnersStore->enablePlugin
/var/www/data/class/pages/admin/ownersstore/LC_Page_Admin_OwnersStore.php(724): LC_Page_Admin_OwnersStore->execPlugin
/var/www/data/class/pages/admin/ownersstore/LC_Page_Admin_OwnersStore.php(910): SC_Plugin_Installer->execPlugin
/var/www/data/class/plugin/SC_Plugin_Installer.php(137): SC_Plugin_Installer->log
/var/www/data/class/plugin/SC_Plugin_Installer.php(181): GC_Utils->gfPrintLog
2014/10/05 17:19:23 [/admin/ownersstore/index.php] ChangePDFLogo disable: start from 192.168.218.1
login_id = taheebo(0)[at9gl9kbhitv5g3ngn2b07ip53]
/var/www/html/admin/ownersstore/index.php(29): LC_Page_Admin_OwnersStore_Ex->process
/var/www/data/class_extends/page_extends/admin/ownersstore/LC_Page_Admin_OwnersStore_Ex.php(54): LC_Page_Admin_OwnersStore->process
/var/www/data/class/pages/admin/ownersstore/LC_Page_Admin_OwnersStore.php(57): LC_Page_Admin_OwnersStore->action
/var/www/data/class/pages/admin/ownersstore/LC_Page_Admin_OwnersStore.php(98): LC_Page_Admin_OwnersStore->uninstallPlugin
/var/www/data/class/pages/admin/ownersstore/LC_Page_Admin_OwnersStore.php(692): LC_Page_Admin_OwnersStore->execPlugin
/var/www/data/class/pages/admin/ownersstore/LC_Page_Admin_OwnersStore.php(910): SC_Plugin_Installer->execPlugin
/var/www/data/class/plugin/SC_Plugin_Installer.php(51): SC_Plugin_Installer->log
/var/www/data/class/plugin/SC_Plugin_Installer.php(181): GC_Utils->gfPrintLog
2014/10/05 17:19:23 [/admin/ownersstore/index.php] ChangePDFLogo disable: end from 192.168.218.1
login_id = taheebo(0)[at9gl9kbhitv5g3ngn2b07ip53]
/var/www/html/admin/ownersstore/index.php(29): LC_Page_Admin_OwnersStore_Ex->process
/var/www/data/class_extends/page_extends/admin/ownersstore/LC_Page_Admin_OwnersStore_Ex.php(54): LC_Page_Admin_OwnersStore->process
/var/www/data/class/pages/admin/ownersstore/LC_Page_Admin_OwnersStore.php(57): LC_Page_Admin_OwnersStore->action
/var/www/data/class/pages/admin/ownersstore/LC_Page_Admin_OwnersStore.php(98): LC_Page_Admin_OwnersStore->uninstallPlugin
/var/www/data/class/pages/admin/ownersstore/LC_Page_Admin_OwnersStore.php(692): LC_Page_Admin_OwnersStore->execPlugin
/var/www/data/class/pages/admin/ownersstore/LC_Page_Admin_OwnersStore.php(910): SC_Plugin_Installer->execPlugin
/var/www/data/class/plugin/SC_Plugin_Installer.php(137): SC_Plugin_Installer->log
/var/www/data/class/plugin/SC_Plugin_Installer.php(181): GC_Utils->gfPrintLog
2014/10/05 17:19:23 [/admin/ownersstore/index.php] ChangePDFLogo uninstall: start from 192.168.218.1
login_id = taheebo(0)[at9gl9kbhitv5g3ngn2b07ip53]
/var/www/html/admin/ownersstore/index.php(29): LC_Page_Admin_OwnersStore_Ex->process
/var/www/data/class_extends/page_extends/admin/ownersstore/LC_Page_Admin_OwnersStore_Ex.php(54): LC_Page_Admin_OwnersStore->process
/var/www/data/class/pages/admin/ownersstore/LC_Page_Admin_OwnersStore.php(57): LC_Page_Admin_OwnersStore->action
/var/www/data/class/pages/admin/ownersstore/LC_Page_Admin_OwnersStore.php(98): LC_Page_Admin_OwnersStore->uninstallPlugin
/var/www/data/class/pages/admin/ownersstore/LC_Page_Admin_OwnersStore.php(701): LC_Page_Admin_OwnersStore->execPlugin
/var/www/data/class/pages/admin/ownersstore/LC_Page_Admin_OwnersStore.php(910): SC_Plugin_Installer->execPlugin
/var/www/data/class/plugin/SC_Plugin_Installer.php(51): SC_Plugin_Installer->log
/var/www/data/class/plugin/SC_Plugin_Installer.php(181): GC_Utils->gfPrintLog
2014/10/05 17:19:23 [/admin/ownersstore/index.php] ChangePDFLogo uninstall: end from 192.168.218.1
login_id = taheebo(0)[at9gl9kbhitv5g3ngn2b07ip53]
/var/www/html/admin/ownersstore/index.php(29): LC_Page_Admin_OwnersStore_Ex->process
/var/www/data/class_extends/page_extends/admin/ownersstore/LC_Page_Admin_OwnersStore_Ex.php(54): LC_Page_Admin_OwnersStore->process
/var/www/data/class/pages/admin/ownersstore/LC_Page_Admin_OwnersStore.php(57): LC_Page_Admin_OwnersStore->action
/var/www/data/class/pages/admin/ownersstore/LC_Page_Admin_OwnersStore.php(98): LC_Page_Admin_OwnersStore->uninstallPlugin
/var/www/data/class/pages/admin/ownersstore/LC_Page_Admin_OwnersStore.php(701): LC_Page_Admin_OwnersStore->execPlugin
/var/www/data/class/pages/admin/ownersstore/LC_Page_Admin_OwnersStore.php(910): SC_Plugin_Installer->execPlugin
/var/www/data/class/plugin/SC_Plugin_Installer.php(137): SC_Plugin_Installer->log
/var/www/data/class/plugin/SC_Plugin_Installer.php(181): GC_Utils->gfPrintLog
