2014/09/24 21:23:18 [/preview/index.php] access : user=taheebo auth=0 sid=h51scn6mker88htb7co9nbp4q1 from 192.168.218.1
2014/09/24 22:32:59 [/preview/index.php] access : user=taheebo auth=0 sid=h51scn6mker88htb7co9nbp4q1 from 192.168.218.1
2014/09/28 23:28:46 [/index.php] DEBUG
agency_code[] from 192.168.218.1
customer_id = 
/var/www/html/index.php(28): LC_Page_Index_Ex->process
/var/www/data/class_extends/page_extends/LC_Page_Index_Ex.php(54): LC_Page_Index->process
/var/www/data/class/pages/LC_Page_Index.php(54): LC_Page->sendResponse
/var/www/data/class/pages/LC_Page.php(247): SC_Display->prepare
/var/www/data/class/SC_Display.php(80): SC_View->getResponse
/var/www/data/class/SC_View.php(101): Smarty->fetch
/var/www/data/module/Smarty/libs/Smarty.class.php(1264): include
/var/www/data/Smarty/templates_c/default/%%F1^F15^F158E3F4%%site_frame.tpl.php(84): Smarty->_smarty_include
/var/www/data/module/Smarty/libs/Smarty.class.php(1870): include
/var/www/data/Smarty/templates_c/default/%%58^587^5876E692%%site_main.tpl.php(45): smarty_core_smarty_include_php
/var/www/data/module/Smarty/libs/internals/core.smarty_include_php.php(40): Smarty->_include
/var/www/data/module/Smarty/libs/Smarty.class.php(1924): include
/var/www/html/frontparts/bloc/recommend.php(30): LC_Page_FrontParts_Bloc_Recommend_Ex->process
/var/www/data/class_extends/page_extends/frontparts/bloc/LC_Page_FrontParts_Bloc_Recommend_Ex.php(54): LC_Page_FrontParts_Bloc_Recommend->process
/var/www/data/class/pages/frontparts/bloc/LC_Page_FrontParts_Bloc_Recommend.php(52): LC_Page_FrontParts_Bloc_Recommend->action
/var/www/data/class/pages/frontparts/bloc/LC_Page_FrontParts_Bloc_Recommend.php(68): LC_Page_FrontParts_Bloc_Recommend->lfGetRanking
/var/www/data/class/pages/frontparts/bloc/LC_Page_FrontParts_Bloc_Recommend.php(94): SC_Product->getListByProductIdsWithAgencyCode
/var/www/data/class/SC_Product.php(198): GC_Utils->gfDebugLog
2014/09/28 23:28:46 [/index.php] DEBUG
session from 192.168.218.1
customer_id = 
/var/www/html/index.php(28): LC_Page_Index_Ex->process
/var/www/data/class_extends/page_extends/LC_Page_Index_Ex.php(54): LC_Page_Index->process
/var/www/data/class/pages/LC_Page_Index.php(54): LC_Page->sendResponse
/var/www/data/class/pages/LC_Page.php(247): SC_Display->prepare
/var/www/data/class/SC_Display.php(80): SC_View->getResponse
/var/www/data/class/SC_View.php(101): Smarty->fetch
/var/www/data/module/Smarty/libs/Smarty.class.php(1264): include
/var/www/data/Smarty/templates_c/default/%%F1^F15^F158E3F4%%site_frame.tpl.php(84): Smarty->_smarty_include
/var/www/data/module/Smarty/libs/Smarty.class.php(1870): include
/var/www/data/Smarty/templates_c/default/%%58^587^5876E692%%site_main.tpl.php(45): smarty_core_smarty_include_php
/var/www/data/module/Smarty/libs/internals/core.smarty_include_php.php(40): Smarty->_include
/var/www/data/module/Smarty/libs/Smarty.class.php(1924): include
/var/www/html/frontparts/bloc/recommend.php(30): LC_Page_FrontParts_Bloc_Recommend_Ex->process
/var/www/data/class_extends/page_extends/frontparts/bloc/LC_Page_FrontParts_Bloc_Recommend_Ex.php(54): LC_Page_FrontParts_Bloc_Recommend->process
/var/www/data/class/pages/frontparts/bloc/LC_Page_FrontParts_Bloc_Recommend.php(52): LC_Page_FrontParts_Bloc_Recommend->action
/var/www/data/class/pages/frontparts/bloc/LC_Page_FrontParts_Bloc_Recommend.php(68): LC_Page_FrontParts_Bloc_Recommend->lfGetRanking
/var/www/data/class/pages/frontparts/bloc/LC_Page_FrontParts_Bloc_Recommend.php(94): SC_Product->getListByProductIdsWithAgencyCode
/var/www/data/class/SC_Product.php(199): GC_Utils->gfDebugLog
2014/09/28 23:55:21 [/preview/index.php] access : user=taheebo auth=0 sid=c1c76rfimbh7duchag0f5vamc6 from 192.168.218.1
customer_id = 2
/var/www/html/preview/index.php(29): LC_Page_Preview_Ex->process
/var/www/data/class_extends/page_extends/preview/LC_Page_Preview_Ex.php(54): LC_Page_Preview->process
/var/www/data/class/pages/preview/LC_Page_Preview.php(55): SC_Session->__construct
/var/www/data/class/SC_Session.php(61): GC_Utils->gfPrintLog
2014/09/28 23:56:01 [/index.php] DEBUG
agency_code[1111] from 192.168.218.1
customer_id = 2
/var/www/html/index.php(28): LC_Page_Index_Ex->process
/var/www/data/class_extends/page_extends/LC_Page_Index_Ex.php(54): LC_Page_Index->process
/var/www/data/class/pages/LC_Page_Index.php(54): LC_Page->sendResponse
/var/www/data/class/pages/LC_Page.php(247): SC_Display->prepare
/var/www/data/class/SC_Display.php(80): SC_View->getResponse
/var/www/data/class/SC_View.php(101): Smarty->fetch
/var/www/data/module/Smarty/libs/Smarty.class.php(1264): include
/var/www/data/Smarty/templates_c/bootcube/%%F1^F15^F158E3F4%%site_frame.tpl.php(95): Smarty->_smarty_include
/var/www/data/module/Smarty/libs/Smarty.class.php(1870): include
/var/www/data/Smarty/templates_c/bootcube/%%58^587^5876E692%%site_main.tpl.php(45): smarty_core_smarty_include_php
/var/www/data/module/Smarty/libs/internals/core.smarty_include_php.php(40): Smarty->_include
/var/www/data/module/Smarty/libs/Smarty.class.php(1924): include
/var/www/html/frontparts/bloc/recommend.php(30): LC_Page_FrontParts_Bloc_Recommend_Ex->process
/var/www/data/class_extends/page_extends/frontparts/bloc/LC_Page_FrontParts_Bloc_Recommend_Ex.php(54): LC_Page_FrontParts_Bloc_Recommend->process
/var/www/data/class/pages/frontparts/bloc/LC_Page_FrontParts_Bloc_Recommend.php(52): LC_Page_FrontParts_Bloc_Recommend->action
/var/www/data/class/pages/frontparts/bloc/LC_Page_FrontParts_Bloc_Recommend.php(68): LC_Page_FrontParts_Bloc_Recommend->lfGetRanking
/var/www/data/class/pages/frontparts/bloc/LC_Page_FrontParts_Bloc_Recommend.php(94): SC_Product->getListByProductIdsWithAgencyCode
/var/www/data/class/SC_Product.php(198): GC_Utils->gfDebugLog
2014/09/28 23:56:01 [/index.php] DEBUG
session from 192.168.218.1
customer_id = 2
/var/www/html/index.php(28): LC_Page_Index_Ex->process
/var/www/data/class_extends/page_extends/LC_Page_Index_Ex.php(54): LC_Page_Index->process
/var/www/data/class/pages/LC_Page_Index.php(54): LC_Page->sendResponse
/var/www/data/class/pages/LC_Page.php(247): SC_Display->prepare
/var/www/data/class/SC_Display.php(80): SC_View->getResponse
/var/www/data/class/SC_View.php(101): Smarty->fetch
/var/www/data/module/Smarty/libs/Smarty.class.php(1264): include
/var/www/data/Smarty/templates_c/bootcube/%%F1^F15^F158E3F4%%site_frame.tpl.php(95): Smarty->_smarty_include
/var/www/data/module/Smarty/libs/Smarty.class.php(1870): include
/var/www/data/Smarty/templates_c/bootcube/%%58^587^5876E692%%site_main.tpl.php(45): smarty_core_smarty_include_php
/var/www/data/module/Smarty/libs/internals/core.smarty_include_php.php(40): Smarty->_include
/var/www/data/module/Smarty/libs/Smarty.class.php(1924): include
/var/www/html/frontparts/bloc/recommend.php(30): LC_Page_FrontParts_Bloc_Recommend_Ex->process
/var/www/data/class_extends/page_extends/frontparts/bloc/LC_Page_FrontParts_Bloc_Recommend_Ex.php(54): LC_Page_FrontParts_Bloc_Recommend->process
/var/www/data/class/pages/frontparts/bloc/LC_Page_FrontParts_Bloc_Recommend.php(52): LC_Page_FrontParts_Bloc_Recommend->action
/var/www/data/class/pages/frontparts/bloc/LC_Page_FrontParts_Bloc_Recommend.php(68): LC_Page_FrontParts_Bloc_Recommend->lfGetRanking
/var/www/data/class/pages/frontparts/bloc/LC_Page_FrontParts_Bloc_Recommend.php(94): SC_Product->getListByProductIdsWithAgencyCode
/var/www/data/class/SC_Product.php(199): GC_Utils->gfDebugLog
2014/09/29 00:11:01 [/index.php] DEBUG
agency_code[] from 192.168.218.1
customer_id = 
/var/www/html/index.php(28): LC_Page_Index_Ex->process
/var/www/data/class_extends/page_extends/LC_Page_Index_Ex.php(54): LC_Page_Index->process
/var/www/data/class/pages/LC_Page_Index.php(54): LC_Page->sendResponse
/var/www/data/class/pages/LC_Page.php(247): SC_Display->prepare
/var/www/data/class/SC_Display.php(80): SC_View->getResponse
/var/www/data/class/SC_View.php(101): Smarty->fetch
/var/www/data/module/Smarty/libs/Smarty.class.php(1264): include
/var/www/data/Smarty/templates_c/bootcube/%%F1^F15^F158E3F4%%site_frame.tpl.php(95): Smarty->_smarty_include
/var/www/data/module/Smarty/libs/Smarty.class.php(1870): include
/var/www/data/Smarty/templates_c/bootcube/%%58^587^5876E692%%site_main.tpl.php(45): smarty_core_smarty_include_php
/var/www/data/module/Smarty/libs/internals/core.smarty_include_php.php(40): Smarty->_include
/var/www/data/module/Smarty/libs/Smarty.class.php(1924): include
/var/www/html/frontparts/bloc/recommend.php(30): LC_Page_FrontParts_Bloc_Recommend_Ex->process
/var/www/data/class_extends/page_extends/frontparts/bloc/LC_Page_FrontParts_Bloc_Recommend_Ex.php(54): LC_Page_FrontParts_Bloc_Recommend->process
/var/www/data/class/pages/frontparts/bloc/LC_Page_FrontParts_Bloc_Recommend.php(52): LC_Page_FrontParts_Bloc_Recommend->action
/var/www/data/class/pages/frontparts/bloc/LC_Page_FrontParts_Bloc_Recommend.php(68): LC_Page_FrontParts_Bloc_Recommend->lfGetRanking
/var/www/data/class/pages/frontparts/bloc/LC_Page_FrontParts_Bloc_Recommend.php(94): SC_Product->getListByProductIdsWithAgencyCode
/var/www/data/class/SC_Product.php(198): GC_Utils->gfDebugLog
2014/09/29 00:13:15 [/index.php] DEBUG
agency_code[] from 192.168.218.1
customer_id = 
/var/www/html/index.php(28): LC_Page_Index_Ex->process
/var/www/data/class_extends/page_extends/LC_Page_Index_Ex.php(54): LC_Page_Index->process
/var/www/data/class/pages/LC_Page_Index.php(54): LC_Page->sendResponse
/var/www/data/class/pages/LC_Page.php(247): SC_Display->prepare
/var/www/data/class/SC_Display.php(80): SC_View->getResponse
/var/www/data/class/SC_View.php(101): Smarty->fetch
/var/www/data/module/Smarty/libs/Smarty.class.php(1264): include
/var/www/data/Smarty/templates_c/bootcube/%%F1^F15^F158E3F4%%site_frame.tpl.php(95): Smarty->_smarty_include
/var/www/data/module/Smarty/libs/Smarty.class.php(1870): include
/var/www/data/Smarty/templates_c/bootcube/%%58^587^5876E692%%site_main.tpl.php(45): smarty_core_smarty_include_php
/var/www/data/module/Smarty/libs/internals/core.smarty_include_php.php(40): Smarty->_include
/var/www/data/module/Smarty/libs/Smarty.class.php(1924): include
/var/www/html/frontparts/bloc/recommend.php(30): LC_Page_FrontParts_Bloc_Recommend_Ex->process
/var/www/data/class_extends/page_extends/frontparts/bloc/LC_Page_FrontParts_Bloc_Recommend_Ex.php(54): LC_Page_FrontParts_Bloc_Recommend->process
/var/www/data/class/pages/frontparts/bloc/LC_Page_FrontParts_Bloc_Recommend.php(52): LC_Page_FrontParts_Bloc_Recommend->action
/var/www/data/class/pages/frontparts/bloc/LC_Page_FrontParts_Bloc_Recommend.php(68): LC_Page_FrontParts_Bloc_Recommend->lfGetRanking
/var/www/data/class/pages/frontparts/bloc/LC_Page_FrontParts_Bloc_Recommend.php(94): SC_Product->getListByProductIdsWithAgencyCode
/var/www/data/class/SC_Product.php(198): GC_Utils->gfDebugLog
2014/09/29 00:17:00 [/index.php] DEBUG
agency_code[50800353] from 192.168.218.1
customer_id = 4
/var/www/html/index.php(28): LC_Page_Index_Ex->process
/var/www/data/class_extends/page_extends/LC_Page_Index_Ex.php(54): LC_Page_Index->process
/var/www/data/class/pages/LC_Page_Index.php(54): LC_Page->sendResponse
/var/www/data/class/pages/LC_Page.php(247): SC_Display->prepare
/var/www/data/class/SC_Display.php(80): SC_View->getResponse
/var/www/data/class/SC_View.php(101): Smarty->fetch
/var/www/data/module/Smarty/libs/Smarty.class.php(1264): include
/var/www/data/Smarty/templates_c/bootcube/%%F1^F15^F158E3F4%%site_frame.tpl.php(95): Smarty->_smarty_include
/var/www/data/module/Smarty/libs/Smarty.class.php(1870): include
/var/www/data/Smarty/templates_c/bootcube/%%58^587^5876E692%%site_main.tpl.php(45): smarty_core_smarty_include_php
/var/www/data/module/Smarty/libs/internals/core.smarty_include_php.php(40): Smarty->_include
/var/www/data/module/Smarty/libs/Smarty.class.php(1924): include
/var/www/html/frontparts/bloc/recommend.php(30): LC_Page_FrontParts_Bloc_Recommend_Ex->process
/var/www/data/class_extends/page_extends/frontparts/bloc/LC_Page_FrontParts_Bloc_Recommend_Ex.php(54): LC_Page_FrontParts_Bloc_Recommend->process
/var/www/data/class/pages/frontparts/bloc/LC_Page_FrontParts_Bloc_Recommend.php(52): LC_Page_FrontParts_Bloc_Recommend->action
/var/www/data/class/pages/frontparts/bloc/LC_Page_FrontParts_Bloc_Recommend.php(68): LC_Page_FrontParts_Bloc_Recommend->lfGetRanking
/var/www/data/class/pages/frontparts/bloc/LC_Page_FrontParts_Bloc_Recommend.php(94): SC_Product->getListByProductIdsWithAgencyCode
/var/www/data/class/SC_Product.php(198): GC_Utils->gfDebugLog
2014/09/29 00:20:53 [/index.php] DEBUG
agency_code[50800353] from 192.168.218.1
customer_id = 4
/var/www/html/index.php(28): LC_Page_Index_Ex->process
/var/www/data/class_extends/page_extends/LC_Page_Index_Ex.php(54): LC_Page_Index->process
/var/www/data/class/pages/LC_Page_Index.php(54): LC_Page->sendResponse
/var/www/data/class/pages/LC_Page.php(247): SC_Display->prepare
/var/www/data/class/SC_Display.php(80): SC_View->getResponse
/var/www/data/class/SC_View.php(101): Smarty->fetch
/var/www/data/module/Smarty/libs/Smarty.class.php(1264): include
/var/www/data/Smarty/templates_c/bootcube/%%F1^F15^F158E3F4%%site_frame.tpl.php(95): Smarty->_smarty_include
/var/www/data/module/Smarty/libs/Smarty.class.php(1870): include
/var/www/data/Smarty/templates_c/bootcube/%%58^587^5876E692%%site_main.tpl.php(45): smarty_core_smarty_include_php
/var/www/data/module/Smarty/libs/internals/core.smarty_include_php.php(40): Smarty->_include
/var/www/data/module/Smarty/libs/Smarty.class.php(1924): include
/var/www/html/frontparts/bloc/recommend.php(30): LC_Page_FrontParts_Bloc_Recommend_Ex->process
/var/www/data/class_extends/page_extends/frontparts/bloc/LC_Page_FrontParts_Bloc_Recommend_Ex.php(54): LC_Page_FrontParts_Bloc_Recommend->process
/var/www/data/class/pages/frontparts/bloc/LC_Page_FrontParts_Bloc_Recommend.php(52): LC_Page_FrontParts_Bloc_Recommend->action
/var/www/data/class/pages/frontparts/bloc/LC_Page_FrontParts_Bloc_Recommend.php(68): LC_Page_FrontParts_Bloc_Recommend->lfGetRanking
/var/www/data/class/pages/frontparts/bloc/LC_Page_FrontParts_Bloc_Recommend.php(94): SC_Product->getListByProductIdsWithAgencyCode
/var/www/data/class/SC_Product.php(198): GC_Utils->gfDebugLog
2014/09/29 00:20:53 [/index.php] DEBUG
array product id from 192.168.218.1
customer_id = 4
/var/www/html/index.php(28): LC_Page_Index_Ex->process
/var/www/data/class_extends/page_extends/LC_Page_Index_Ex.php(54): LC_Page_Index->process
/var/www/data/class/pages/LC_Page_Index.php(54): LC_Page->sendResponse
/var/www/data/class/pages/LC_Page.php(247): SC_Display->prepare
/var/www/data/class/SC_Display.php(80): SC_View->getResponse
/var/www/data/class/SC_View.php(101): Smarty->fetch
/var/www/data/module/Smarty/libs/Smarty.class.php(1264): include
/var/www/data/Smarty/templates_c/bootcube/%%F1^F15^F158E3F4%%site_frame.tpl.php(95): Smarty->_smarty_include
/var/www/data/module/Smarty/libs/Smarty.class.php(1870): include
/var/www/data/Smarty/templates_c/bootcube/%%58^587^5876E692%%site_main.tpl.php(45): smarty_core_smarty_include_php
/var/www/data/module/Smarty/libs/internals/core.smarty_include_php.php(40): Smarty->_include
/var/www/data/module/Smarty/libs/Smarty.class.php(1924): include
/var/www/html/frontparts/bloc/recommend.php(30): LC_Page_FrontParts_Bloc_Recommend_Ex->process
/var/www/data/class_extends/page_extends/frontparts/bloc/LC_Page_FrontParts_Bloc_Recommend_Ex.php(54): LC_Page_FrontParts_Bloc_Recommend->process
/var/www/data/class/pages/frontparts/bloc/LC_Page_FrontParts_Bloc_Recommend.php(52): LC_Page_FrontParts_Bloc_Recommend->action
/var/www/data/class/pages/frontparts/bloc/LC_Page_FrontParts_Bloc_Recommend.php(68): LC_Page_FrontParts_Bloc_Recommend->lfGetRanking
/var/www/data/class/pages/frontparts/bloc/LC_Page_FrontParts_Bloc_Recommend.php(94): SC_Product->getListByProductIdsWithAgencyCode
/var/www/data/class/SC_Product.php(212): GC_Utils->gfDebugLog
2014/09/29 00:22:12 [/index.php] DEBUG
agency_code[50800353] from 192.168.218.1
customer_id = 4
/var/www/html/index.php(28): LC_Page_Index_Ex->process
/var/www/data/class_extends/page_extends/LC_Page_Index_Ex.php(54): LC_Page_Index->process
/var/www/data/class/pages/LC_Page_Index.php(54): LC_Page->sendResponse
/var/www/data/class/pages/LC_Page.php(247): SC_Display->prepare
/var/www/data/class/SC_Display.php(80): SC_View->getResponse
/var/www/data/class/SC_View.php(101): Smarty->fetch
/var/www/data/module/Smarty/libs/Smarty.class.php(1264): include
/var/www/data/Smarty/templates_c/bootcube/%%F1^F15^F158E3F4%%site_frame.tpl.php(95): Smarty->_smarty_include
/var/www/data/module/Smarty/libs/Smarty.class.php(1870): include
/var/www/data/Smarty/templates_c/bootcube/%%58^587^5876E692%%site_main.tpl.php(45): smarty_core_smarty_include_php
/var/www/data/module/Smarty/libs/internals/core.smarty_include_php.php(40): Smarty->_include
/var/www/data/module/Smarty/libs/Smarty.class.php(1924): include
/var/www/html/frontparts/bloc/recommend.php(30): LC_Page_FrontParts_Bloc_Recommend_Ex->process
/var/www/data/class_extends/page_extends/frontparts/bloc/LC_Page_FrontParts_Bloc_Recommend_Ex.php(54): LC_Page_FrontParts_Bloc_Recommend->process
/var/www/data/class/pages/frontparts/bloc/LC_Page_FrontParts_Bloc_Recommend.php(52): LC_Page_FrontParts_Bloc_Recommend->action
/var/www/data/class/pages/frontparts/bloc/LC_Page_FrontParts_Bloc_Recommend.php(68): LC_Page_FrontParts_Bloc_Recommend->lfGetRanking
/var/www/data/class/pages/frontparts/bloc/LC_Page_FrontParts_Bloc_Recommend.php(94): SC_Product->getListByProductIdsWithAgencyCode
/var/www/data/class/SC_Product.php(198): GC_Utils->gfDebugLog
2014/09/29 00:22:13 [/index.php] DEBUG
array product id from 192.168.218.1
customer_id = 4
/var/www/html/index.php(28): LC_Page_Index_Ex->process
/var/www/data/class_extends/page_extends/LC_Page_Index_Ex.php(54): LC_Page_Index->process
/var/www/data/class/pages/LC_Page_Index.php(54): LC_Page->sendResponse
/var/www/data/class/pages/LC_Page.php(247): SC_Display->prepare
/var/www/data/class/SC_Display.php(80): SC_View->getResponse
/var/www/data/class/SC_View.php(101): Smarty->fetch
/var/www/data/module/Smarty/libs/Smarty.class.php(1264): include
/var/www/data/Smarty/templates_c/bootcube/%%F1^F15^F158E3F4%%site_frame.tpl.php(95): Smarty->_smarty_include
/var/www/data/module/Smarty/libs/Smarty.class.php(1870): include
/var/www/data/Smarty/templates_c/bootcube/%%58^587^5876E692%%site_main.tpl.php(45): smarty_core_smarty_include_php
/var/www/data/module/Smarty/libs/internals/core.smarty_include_php.php(40): Smarty->_include
/var/www/data/module/Smarty/libs/Smarty.class.php(1924): include
/var/www/html/frontparts/bloc/recommend.php(30): LC_Page_FrontParts_Bloc_Recommend_Ex->process
/var/www/data/class_extends/page_extends/frontparts/bloc/LC_Page_FrontParts_Bloc_Recommend_Ex.php(54): LC_Page_FrontParts_Bloc_Recommend->process
/var/www/data/class/pages/frontparts/bloc/LC_Page_FrontParts_Bloc_Recommend.php(52): LC_Page_FrontParts_Bloc_Recommend->action
/var/www/data/class/pages/frontparts/bloc/LC_Page_FrontParts_Bloc_Recommend.php(68): LC_Page_FrontParts_Bloc_Recommend->lfGetRanking
/var/www/data/class/pages/frontparts/bloc/LC_Page_FrontParts_Bloc_Recommend.php(94): SC_Product->getListByProductIdsWithAgencyCode
/var/www/data/class/SC_Product.php(212): GC_Utils->gfDebugLog
2014/09/29 00:22:13 [/index.php] DEBUG
array products: from 192.168.218.1
customer_id = 4
/var/www/html/index.php(28): LC_Page_Index_Ex->process
/var/www/data/class_extends/page_extends/LC_Page_Index_Ex.php(54): LC_Page_Index->process
/var/www/data/class/pages/LC_Page_Index.php(54): LC_Page->sendResponse
/var/www/data/class/pages/LC_Page.php(247): SC_Display->prepare
/var/www/data/class/SC_Display.php(80): SC_View->getResponse
/var/www/data/class/SC_View.php(101): Smarty->fetch
/var/www/data/module/Smarty/libs/Smarty.class.php(1264): include
/var/www/data/Smarty/templates_c/bootcube/%%F1^F15^F158E3F4%%site_frame.tpl.php(95): Smarty->_smarty_include
/var/www/data/module/Smarty/libs/Smarty.class.php(1870): include
/var/www/data/Smarty/templates_c/bootcube/%%58^587^5876E692%%site_main.tpl.php(45): smarty_core_smarty_include_php
/var/www/data/module/Smarty/libs/internals/core.smarty_include_php.php(40): Smarty->_include
/var/www/data/module/Smarty/libs/Smarty.class.php(1924): include
/var/www/html/frontparts/bloc/recommend.php(30): LC_Page_FrontParts_Bloc_Recommend_Ex->process
/var/www/data/class_extends/page_extends/frontparts/bloc/LC_Page_FrontParts_Bloc_Recommend_Ex.php(54): LC_Page_FrontParts_Bloc_Recommend->process
/var/www/data/class/pages/frontparts/bloc/LC_Page_FrontParts_Bloc_Recommend.php(52): LC_Page_FrontParts_Bloc_Recommend->action
/var/www/data/class/pages/frontparts/bloc/LC_Page_FrontParts_Bloc_Recommend.php(68): LC_Page_FrontParts_Bloc_Recommend->lfGetRanking
/var/www/data/class/pages/frontparts/bloc/LC_Page_FrontParts_Bloc_Recommend.php(94): SC_Product->getListByProductIdsWithAgencyCode
/var/www/data/class/SC_Product.php(216): GC_Utils->gfDebugLog
2014/09/29 00:23:43 [/index.php] DEBUG
agency_code[50800353] from 192.168.218.1
customer_id = 4
/var/www/html/index.php(28): LC_Page_Index_Ex->process
/var/www/data/class_extends/page_extends/LC_Page_Index_Ex.php(54): LC_Page_Index->process
/var/www/data/class/pages/LC_Page_Index.php(54): LC_Page->sendResponse
/var/www/data/class/pages/LC_Page.php(247): SC_Display->prepare
/var/www/data/class/SC_Display.php(80): SC_View->getResponse
/var/www/data/class/SC_View.php(101): Smarty->fetch
/var/www/data/module/Smarty/libs/Smarty.class.php(1264): include
/var/www/data/Smarty/templates_c/bootcube/%%F1^F15^F158E3F4%%site_frame.tpl.php(95): Smarty->_smarty_include
/var/www/data/module/Smarty/libs/Smarty.class.php(1870): include
/var/www/data/Smarty/templates_c/bootcube/%%58^587^5876E692%%site_main.tpl.php(45): smarty_core_smarty_include_php
/var/www/data/module/Smarty/libs/internals/core.smarty_include_php.php(40): Smarty->_include
/var/www/data/module/Smarty/libs/Smarty.class.php(1924): include
/var/www/html/frontparts/bloc/recommend.php(30): LC_Page_FrontParts_Bloc_Recommend_Ex->process
/var/www/data/class_extends/page_extends/frontparts/bloc/LC_Page_FrontParts_Bloc_Recommend_Ex.php(54): LC_Page_FrontParts_Bloc_Recommend->process
/var/www/data/class/pages/frontparts/bloc/LC_Page_FrontParts_Bloc_Recommend.php(52): LC_Page_FrontParts_Bloc_Recommend->action
/var/www/data/class/pages/frontparts/bloc/LC_Page_FrontParts_Bloc_Recommend.php(68): LC_Page_FrontParts_Bloc_Recommend->lfGetRanking
/var/www/data/class/pages/frontparts/bloc/LC_Page_FrontParts_Bloc_Recommend.php(94): SC_Product->getListByProductIdsWithAgencyCode
/var/www/data/class/SC_Product.php(200): GC_Utils->gfDebugLog
2014/09/29 00:23:43 [/index.php] DEBUG
array product id from 192.168.218.1
customer_id = 4
/var/www/html/index.php(28): LC_Page_Index_Ex->process
/var/www/data/class_extends/page_extends/LC_Page_Index_Ex.php(54): LC_Page_Index->process
/var/www/data/class/pages/LC_Page_Index.php(54): LC_Page->sendResponse
/var/www/data/class/pages/LC_Page.php(247): SC_Display->prepare
/var/www/data/class/SC_Display.php(80): SC_View->getResponse
/var/www/data/class/SC_View.php(101): Smarty->fetch
/var/www/data/module/Smarty/libs/Smarty.class.php(1264): include
/var/www/data/Smarty/templates_c/bootcube/%%F1^F15^F158E3F4%%site_frame.tpl.php(95): Smarty->_smarty_include
/var/www/data/module/Smarty/libs/Smarty.class.php(1870): include
/var/www/data/Smarty/templates_c/bootcube/%%58^587^5876E692%%site_main.tpl.php(45): smarty_core_smarty_include_php
/var/www/data/module/Smarty/libs/internals/core.smarty_include_php.php(40): Smarty->_include
/var/www/data/module/Smarty/libs/Smarty.class.php(1924): include
/var/www/html/frontparts/bloc/recommend.php(30): LC_Page_FrontParts_Bloc_Recommend_Ex->process
/var/www/data/class_extends/page_extends/frontparts/bloc/LC_Page_FrontParts_Bloc_Recommend_Ex.php(54): LC_Page_FrontParts_Bloc_Recommend->process
/var/www/data/class/pages/frontparts/bloc/LC_Page_FrontParts_Bloc_Recommend.php(52): LC_Page_FrontParts_Bloc_Recommend->action
/var/www/data/class/pages/frontparts/bloc/LC_Page_FrontParts_Bloc_Recommend.php(68): LC_Page_FrontParts_Bloc_Recommend->lfGetRanking
/var/www/data/class/pages/frontparts/bloc/LC_Page_FrontParts_Bloc_Recommend.php(94): SC_Product->getListByProductIdsWithAgencyCode
/var/www/data/class/SC_Product.php(214): GC_Utils->gfDebugLog
2014/09/29 00:23:43 [/index.php] DEBUG
response: from 192.168.218.1
customer_id = 4
/var/www/html/index.php(28): LC_Page_Index_Ex->process
/var/www/data/class_extends/page_extends/LC_Page_Index_Ex.php(54): LC_Page_Index->process
/var/www/data/class/pages/LC_Page_Index.php(54): LC_Page->sendResponse
/var/www/data/class/pages/LC_Page.php(247): SC_Display->prepare
/var/www/data/class/SC_Display.php(80): SC_View->getResponse
/var/www/data/class/SC_View.php(101): Smarty->fetch
/var/www/data/module/Smarty/libs/Smarty.class.php(1264): include
/var/www/data/Smarty/templates_c/bootcube/%%F1^F15^F158E3F4%%site_frame.tpl.php(95): Smarty->_smarty_include
/var/www/data/module/Smarty/libs/Smarty.class.php(1870): include
/var/www/data/Smarty/templates_c/bootcube/%%58^587^5876E692%%site_main.tpl.php(45): smarty_core_smarty_include_php
/var/www/data/module/Smarty/libs/internals/core.smarty_include_php.php(40): Smarty->_include
/var/www/data/module/Smarty/libs/Smarty.class.php(1924): include
/var/www/html/frontparts/bloc/recommend.php(30): LC_Page_FrontParts_Bloc_Recommend_Ex->process
/var/www/data/class_extends/page_extends/frontparts/bloc/LC_Page_FrontParts_Bloc_Recommend_Ex.php(54): LC_Page_FrontParts_Bloc_Recommend->process
/var/www/data/class/pages/frontparts/bloc/LC_Page_FrontParts_Bloc_Recommend.php(52): LC_Page_FrontParts_Bloc_Recommend->action
/var/www/data/class/pages/frontparts/bloc/LC_Page_FrontParts_Bloc_Recommend.php(68): LC_Page_FrontParts_Bloc_Recommend->lfGetRanking
/var/www/data/class/pages/frontparts/bloc/LC_Page_FrontParts_Bloc_Recommend.php(94): SC_Product->getListByProductIdsWithAgencyCode
/var/www/data/class/SC_Product.php(216): SC_Product->lists
/var/www/data/class/SC_Product.php(150): GC_Utils->gfDebugLog
2014/09/29 00:23:43 [/index.php] DEBUG
array products: from 192.168.218.1
customer_id = 4
/var/www/html/index.php(28): LC_Page_Index_Ex->process
/var/www/data/class_extends/page_extends/LC_Page_Index_Ex.php(54): LC_Page_Index->process
/var/www/data/class/pages/LC_Page_Index.php(54): LC_Page->sendResponse
/var/www/data/class/pages/LC_Page.php(247): SC_Display->prepare
/var/www/data/class/SC_Display.php(80): SC_View->getResponse
/var/www/data/class/SC_View.php(101): Smarty->fetch
/var/www/data/module/Smarty/libs/Smarty.class.php(1264): include
/var/www/data/Smarty/templates_c/bootcube/%%F1^F15^F158E3F4%%site_frame.tpl.php(95): Smarty->_smarty_include
/var/www/data/module/Smarty/libs/Smarty.class.php(1870): include
/var/www/data/Smarty/templates_c/bootcube/%%58^587^5876E692%%site_main.tpl.php(45): smarty_core_smarty_include_php
/var/www/data/module/Smarty/libs/internals/core.smarty_include_php.php(40): Smarty->_include
/var/www/data/module/Smarty/libs/Smarty.class.php(1924): include
/var/www/html/frontparts/bloc/recommend.php(30): LC_Page_FrontParts_Bloc_Recommend_Ex->process
/var/www/data/class_extends/page_extends/frontparts/bloc/LC_Page_FrontParts_Bloc_Recommend_Ex.php(54): LC_Page_FrontParts_Bloc_Recommend->process
/var/www/data/class/pages/frontparts/bloc/LC_Page_FrontParts_Bloc_Recommend.php(52): LC_Page_FrontParts_Bloc_Recommend->action
/var/www/data/class/pages/frontparts/bloc/LC_Page_FrontParts_Bloc_Recommend.php(68): LC_Page_FrontParts_Bloc_Recommend->lfGetRanking
/var/www/data/class/pages/frontparts/bloc/LC_Page_FrontParts_Bloc_Recommend.php(94): SC_Product->getListByProductIdsWithAgencyCode
/var/www/data/class/SC_Product.php(218): GC_Utils->gfDebugLog
2014/09/29 00:35:33 [/index.php] DEBUG
agency_code[50800353] from 192.168.218.1
customer_id = 4
/var/www/html/index.php(28): LC_Page_Index_Ex->process
/var/www/data/class_extends/page_extends/LC_Page_Index_Ex.php(54): LC_Page_Index->process
/var/www/data/class/pages/LC_Page_Index.php(54): LC_Page->sendResponse
/var/www/data/class/pages/LC_Page.php(247): SC_Display->prepare
/var/www/data/class/SC_Display.php(80): SC_View->getResponse
/var/www/data/class/SC_View.php(101): Smarty->fetch
/var/www/data/module/Smarty/libs/Smarty.class.php(1264): include
/var/www/data/Smarty/templates_c/bootcube/%%F1^F15^F158E3F4%%site_frame.tpl.php(95): Smarty->_smarty_include
/var/www/data/module/Smarty/libs/Smarty.class.php(1870): include
/var/www/data/Smarty/templates_c/bootcube/%%58^587^5876E692%%site_main.tpl.php(45): smarty_core_smarty_include_php
/var/www/data/module/Smarty/libs/internals/core.smarty_include_php.php(40): Smarty->_include
/var/www/data/module/Smarty/libs/Smarty.class.php(1924): include
/var/www/html/frontparts/bloc/recommend.php(30): LC_Page_FrontParts_Bloc_Recommend_Ex->process
/var/www/data/class_extends/page_extends/frontparts/bloc/LC_Page_FrontParts_Bloc_Recommend_Ex.php(54): LC_Page_FrontParts_Bloc_Recommend->process
/var/www/data/class/pages/frontparts/bloc/LC_Page_FrontParts_Bloc_Recommend.php(52): LC_Page_FrontParts_Bloc_Recommend->action
/var/www/data/class/pages/frontparts/bloc/LC_Page_FrontParts_Bloc_Recommend.php(68): LC_Page_FrontParts_Bloc_Recommend->lfGetRanking
/var/www/data/class/pages/frontparts/bloc/LC_Page_FrontParts_Bloc_Recommend.php(94): SC_Product->getListByProductIdsWithAgencyCode
/var/www/data/class/SC_Product.php(200): GC_Utils->gfDebugLog
2014/09/29 00:35:33 [/index.php] DEBUG
array product id from 192.168.218.1
customer_id = 4
/var/www/html/index.php(28): LC_Page_Index_Ex->process
/var/www/data/class_extends/page_extends/LC_Page_Index_Ex.php(54): LC_Page_Index->process
/var/www/data/class/pages/LC_Page_Index.php(54): LC_Page->sendResponse
/var/www/data/class/pages/LC_Page.php(247): SC_Display->prepare
/var/www/data/class/SC_Display.php(80): SC_View->getResponse
/var/www/data/class/SC_View.php(101): Smarty->fetch
/var/www/data/module/Smarty/libs/Smarty.class.php(1264): include
/var/www/data/Smarty/templates_c/bootcube/%%F1^F15^F158E3F4%%site_frame.tpl.php(95): Smarty->_smarty_include
/var/www/data/module/Smarty/libs/Smarty.class.php(1870): include
/var/www/data/Smarty/templates_c/bootcube/%%58^587^5876E692%%site_main.tpl.php(45): smarty_core_smarty_include_php
/var/www/data/module/Smarty/libs/internals/core.smarty_include_php.php(40): Smarty->_include
/var/www/data/module/Smarty/libs/Smarty.class.php(1924): include
/var/www/html/frontparts/bloc/recommend.php(30): LC_Page_FrontParts_Bloc_Recommend_Ex->process
/var/www/data/class_extends/page_extends/frontparts/bloc/LC_Page_FrontParts_Bloc_Recommend_Ex.php(54): LC_Page_FrontParts_Bloc_Recommend->process
/var/www/data/class/pages/frontparts/bloc/LC_Page_FrontParts_Bloc_Recommend.php(52): LC_Page_FrontParts_Bloc_Recommend->action
/var/www/data/class/pages/frontparts/bloc/LC_Page_FrontParts_Bloc_Recommend.php(68): LC_Page_FrontParts_Bloc_Recommend->lfGetRanking
/var/www/data/class/pages/frontparts/bloc/LC_Page_FrontParts_Bloc_Recommend.php(94): SC_Product->getListByProductIdsWithAgencyCode
/var/www/data/class/SC_Product.php(214): GC_Utils->gfDebugLog
2014/09/29 00:35:33 [/index.php] DEBUG
response: from 192.168.218.1
customer_id = 4
/var/www/html/index.php(28): LC_Page_Index_Ex->process
/var/www/data/class_extends/page_extends/LC_Page_Index_Ex.php(54): LC_Page_Index->process
/var/www/data/class/pages/LC_Page_Index.php(54): LC_Page->sendResponse
/var/www/data/class/pages/LC_Page.php(247): SC_Display->prepare
/var/www/data/class/SC_Display.php(80): SC_View->getResponse
/var/www/data/class/SC_View.php(101): Smarty->fetch
/var/www/data/module/Smarty/libs/Smarty.class.php(1264): include
/var/www/data/Smarty/templates_c/bootcube/%%F1^F15^F158E3F4%%site_frame.tpl.php(95): Smarty->_smarty_include
/var/www/data/module/Smarty/libs/Smarty.class.php(1870): include
/var/www/data/Smarty/templates_c/bootcube/%%58^587^5876E692%%site_main.tpl.php(45): smarty_core_smarty_include_php
/var/www/data/module/Smarty/libs/internals/core.smarty_include_php.php(40): Smarty->_include
/var/www/data/module/Smarty/libs/Smarty.class.php(1924): include
/var/www/html/frontparts/bloc/recommend.php(30): LC_Page_FrontParts_Bloc_Recommend_Ex->process
/var/www/data/class_extends/page_extends/frontparts/bloc/LC_Page_FrontParts_Bloc_Recommend_Ex.php(54): LC_Page_FrontParts_Bloc_Recommend->process
/var/www/data/class/pages/frontparts/bloc/LC_Page_FrontParts_Bloc_Recommend.php(52): LC_Page_FrontParts_Bloc_Recommend->action
/var/www/data/class/pages/frontparts/bloc/LC_Page_FrontParts_Bloc_Recommend.php(68): LC_Page_FrontParts_Bloc_Recommend->lfGetRanking
/var/www/data/class/pages/frontparts/bloc/LC_Page_FrontParts_Bloc_Recommend.php(94): SC_Product->getListByProductIdsWithAgencyCode
/var/www/data/class/SC_Product.php(216): SC_Product->lists
/var/www/data/class/SC_Product.php(150): GC_Utils->gfDebugLog
2014/09/29 00:35:33 [/index.php] DEBUG
array products: from 192.168.218.1
customer_id = 4
/var/www/html/index.php(28): LC_Page_Index_Ex->process
/var/www/data/class_extends/page_extends/LC_Page_Index_Ex.php(54): LC_Page_Index->process
/var/www/data/class/pages/LC_Page_Index.php(54): LC_Page->sendResponse
/var/www/data/class/pages/LC_Page.php(247): SC_Display->prepare
/var/www/data/class/SC_Display.php(80): SC_View->getResponse
/var/www/data/class/SC_View.php(101): Smarty->fetch
/var/www/data/module/Smarty/libs/Smarty.class.php(1264): include
/var/www/data/Smarty/templates_c/bootcube/%%F1^F15^F158E3F4%%site_frame.tpl.php(95): Smarty->_smarty_include
/var/www/data/module/Smarty/libs/Smarty.class.php(1870): include
/var/www/data/Smarty/templates_c/bootcube/%%58^587^5876E692%%site_main.tpl.php(45): smarty_core_smarty_include_php
/var/www/data/module/Smarty/libs/internals/core.smarty_include_php.php(40): Smarty->_include
/var/www/data/module/Smarty/libs/Smarty.class.php(1924): include
/var/www/html/frontparts/bloc/recommend.php(30): LC_Page_FrontParts_Bloc_Recommend_Ex->process
/var/www/data/class_extends/page_extends/frontparts/bloc/LC_Page_FrontParts_Bloc_Recommend_Ex.php(54): LC_Page_FrontParts_Bloc_Recommend->process
/var/www/data/class/pages/frontparts/bloc/LC_Page_FrontParts_Bloc_Recommend.php(52): LC_Page_FrontParts_Bloc_Recommend->action
/var/www/data/class/pages/frontparts/bloc/LC_Page_FrontParts_Bloc_Recommend.php(68): LC_Page_FrontParts_Bloc_Recommend->lfGetRanking
/var/www/data/class/pages/frontparts/bloc/LC_Page_FrontParts_Bloc_Recommend.php(94): SC_Product->getListByProductIdsWithAgencyCode
/var/www/data/class/SC_Product.php(218): GC_Utils->gfDebugLog
2014/09/29 00:35:47 [/index.php] DEBUG
agency_code[50800353] from 192.168.218.1
customer_id = 4
/var/www/html/index.php(28): LC_Page_Index_Ex->process
/var/www/data/class_extends/page_extends/LC_Page_Index_Ex.php(54): LC_Page_Index->process
/var/www/data/class/pages/LC_Page_Index.php(54): LC_Page->sendResponse
/var/www/data/class/pages/LC_Page.php(247): SC_Display->prepare
/var/www/data/class/SC_Display.php(80): SC_View->getResponse
/var/www/data/class/SC_View.php(101): Smarty->fetch
/var/www/data/module/Smarty/libs/Smarty.class.php(1264): include
/var/www/data/Smarty/templates_c/bootcube/%%F1^F15^F158E3F4%%site_frame.tpl.php(95): Smarty->_smarty_include
/var/www/data/module/Smarty/libs/Smarty.class.php(1870): include
/var/www/data/Smarty/templates_c/bootcube/%%58^587^5876E692%%site_main.tpl.php(45): smarty_core_smarty_include_php
/var/www/data/module/Smarty/libs/internals/core.smarty_include_php.php(40): Smarty->_include
/var/www/data/module/Smarty/libs/Smarty.class.php(1924): include
/var/www/html/frontparts/bloc/recommend.php(30): LC_Page_FrontParts_Bloc_Recommend_Ex->process
/var/www/data/class_extends/page_extends/frontparts/bloc/LC_Page_FrontParts_Bloc_Recommend_Ex.php(54): LC_Page_FrontParts_Bloc_Recommend->process
/var/www/data/class/pages/frontparts/bloc/LC_Page_FrontParts_Bloc_Recommend.php(52): LC_Page_FrontParts_Bloc_Recommend->action
/var/www/data/class/pages/frontparts/bloc/LC_Page_FrontParts_Bloc_Recommend.php(68): LC_Page_FrontParts_Bloc_Recommend->lfGetRanking
/var/www/data/class/pages/frontparts/bloc/LC_Page_FrontParts_Bloc_Recommend.php(94): SC_Product->getListByProductIdsWithAgencyCode
/var/www/data/class/SC_Product.php(200): GC_Utils->gfDebugLog
2014/09/29 00:35:47 [/index.php] DEBUG
array product id from 192.168.218.1
customer_id = 4
/var/www/html/index.php(28): LC_Page_Index_Ex->process
/var/www/data/class_extends/page_extends/LC_Page_Index_Ex.php(54): LC_Page_Index->process
/var/www/data/class/pages/LC_Page_Index.php(54): LC_Page->sendResponse
/var/www/data/class/pages/LC_Page.php(247): SC_Display->prepare
/var/www/data/class/SC_Display.php(80): SC_View->getResponse
/var/www/data/class/SC_View.php(101): Smarty->fetch
/var/www/data/module/Smarty/libs/Smarty.class.php(1264): include
/var/www/data/Smarty/templates_c/bootcube/%%F1^F15^F158E3F4%%site_frame.tpl.php(95): Smarty->_smarty_include
/var/www/data/module/Smarty/libs/Smarty.class.php(1870): include
/var/www/data/Smarty/templates_c/bootcube/%%58^587^5876E692%%site_main.tpl.php(45): smarty_core_smarty_include_php
/var/www/data/module/Smarty/libs/internals/core.smarty_include_php.php(40): Smarty->_include
/var/www/data/module/Smarty/libs/Smarty.class.php(1924): include
/var/www/html/frontparts/bloc/recommend.php(30): LC_Page_FrontParts_Bloc_Recommend_Ex->process
/var/www/data/class_extends/page_extends/frontparts/bloc/LC_Page_FrontParts_Bloc_Recommend_Ex.php(54): LC_Page_FrontParts_Bloc_Recommend->process
/var/www/data/class/pages/frontparts/bloc/LC_Page_FrontParts_Bloc_Recommend.php(52): LC_Page_FrontParts_Bloc_Recommend->action
/var/www/data/class/pages/frontparts/bloc/LC_Page_FrontParts_Bloc_Recommend.php(68): LC_Page_FrontParts_Bloc_Recommend->lfGetRanking
/var/www/data/class/pages/frontparts/bloc/LC_Page_FrontParts_Bloc_Recommend.php(94): SC_Product->getListByProductIdsWithAgencyCode
/var/www/data/class/SC_Product.php(214): GC_Utils->gfDebugLog
2014/09/29 00:35:47 [/index.php] DEBUG
response: from 192.168.218.1
customer_id = 4
/var/www/html/index.php(28): LC_Page_Index_Ex->process
/var/www/data/class_extends/page_extends/LC_Page_Index_Ex.php(54): LC_Page_Index->process
/var/www/data/class/pages/LC_Page_Index.php(54): LC_Page->sendResponse
/var/www/data/class/pages/LC_Page.php(247): SC_Display->prepare
/var/www/data/class/SC_Display.php(80): SC_View->getResponse
/var/www/data/class/SC_View.php(101): Smarty->fetch
/var/www/data/module/Smarty/libs/Smarty.class.php(1264): include
/var/www/data/Smarty/templates_c/bootcube/%%F1^F15^F158E3F4%%site_frame.tpl.php(95): Smarty->_smarty_include
/var/www/data/module/Smarty/libs/Smarty.class.php(1870): include
/var/www/data/Smarty/templates_c/bootcube/%%58^587^5876E692%%site_main.tpl.php(45): smarty_core_smarty_include_php
/var/www/data/module/Smarty/libs/internals/core.smarty_include_php.php(40): Smarty->_include
/var/www/data/module/Smarty/libs/Smarty.class.php(1924): include
/var/www/html/frontparts/bloc/recommend.php(30): LC_Page_FrontParts_Bloc_Recommend_Ex->process
/var/www/data/class_extends/page_extends/frontparts/bloc/LC_Page_FrontParts_Bloc_Recommend_Ex.php(54): LC_Page_FrontParts_Bloc_Recommend->process
/var/www/data/class/pages/frontparts/bloc/LC_Page_FrontParts_Bloc_Recommend.php(52): LC_Page_FrontParts_Bloc_Recommend->action
/var/www/data/class/pages/frontparts/bloc/LC_Page_FrontParts_Bloc_Recommend.php(68): LC_Page_FrontParts_Bloc_Recommend->lfGetRanking
/var/www/data/class/pages/frontparts/bloc/LC_Page_FrontParts_Bloc_Recommend.php(94): SC_Product->getListByProductIdsWithAgencyCode
/var/www/data/class/SC_Product.php(216): SC_Product->lists
/var/www/data/class/SC_Product.php(150): GC_Utils->gfDebugLog
2014/09/29 00:35:47 [/index.php] DEBUG
array products: from 192.168.218.1
customer_id = 4
/var/www/html/index.php(28): LC_Page_Index_Ex->process
/var/www/data/class_extends/page_extends/LC_Page_Index_Ex.php(54): LC_Page_Index->process
/var/www/data/class/pages/LC_Page_Index.php(54): LC_Page->sendResponse
/var/www/data/class/pages/LC_Page.php(247): SC_Display->prepare
/var/www/data/class/SC_Display.php(80): SC_View->getResponse
/var/www/data/class/SC_View.php(101): Smarty->fetch
/var/www/data/module/Smarty/libs/Smarty.class.php(1264): include
/var/www/data/Smarty/templates_c/bootcube/%%F1^F15^F158E3F4%%site_frame.tpl.php(95): Smarty->_smarty_include
/var/www/data/module/Smarty/libs/Smarty.class.php(1870): include
/var/www/data/Smarty/templates_c/bootcube/%%58^587^5876E692%%site_main.tpl.php(45): smarty_core_smarty_include_php
/var/www/data/module/Smarty/libs/internals/core.smarty_include_php.php(40): Smarty->_include
/var/www/data/module/Smarty/libs/Smarty.class.php(1924): include
/var/www/html/frontparts/bloc/recommend.php(30): LC_Page_FrontParts_Bloc_Recommend_Ex->process
/var/www/data/class_extends/page_extends/frontparts/bloc/LC_Page_FrontParts_Bloc_Recommend_Ex.php(54): LC_Page_FrontParts_Bloc_Recommend->process
/var/www/data/class/pages/frontparts/bloc/LC_Page_FrontParts_Bloc_Recommend.php(52): LC_Page_FrontParts_Bloc_Recommend->action
/var/www/data/class/pages/frontparts/bloc/LC_Page_FrontParts_Bloc_Recommend.php(68): LC_Page_FrontParts_Bloc_Recommend->lfGetRanking
/var/www/data/class/pages/frontparts/bloc/LC_Page_FrontParts_Bloc_Recommend.php(94): SC_Product->getListByProductIdsWithAgencyCode
/var/www/data/class/SC_Product.php(218): GC_Utils->gfDebugLog
2014/09/29 00:42:59 [/index.php] DEBUG
agency_code[50800353] from 192.168.218.1
customer_id = 4
/var/www/html/index.php(28): LC_Page_Index_Ex->process
/var/www/data/class_extends/page_extends/LC_Page_Index_Ex.php(54): LC_Page_Index->process
/var/www/data/class/pages/LC_Page_Index.php(54): LC_Page->sendResponse
/var/www/data/class/pages/LC_Page.php(247): SC_Display->prepare
/var/www/data/class/SC_Display.php(80): SC_View->getResponse
/var/www/data/class/SC_View.php(101): Smarty->fetch
/var/www/data/module/Smarty/libs/Smarty.class.php(1264): include
/var/www/data/Smarty/templates_c/bootcube/%%F1^F15^F158E3F4%%site_frame.tpl.php(95): Smarty->_smarty_include
/var/www/data/module/Smarty/libs/Smarty.class.php(1870): include
/var/www/data/Smarty/templates_c/bootcube/%%58^587^5876E692%%site_main.tpl.php(45): smarty_core_smarty_include_php
/var/www/data/module/Smarty/libs/internals/core.smarty_include_php.php(40): Smarty->_include
/var/www/data/module/Smarty/libs/Smarty.class.php(1924): include
/var/www/html/frontparts/bloc/recommend.php(30): LC_Page_FrontParts_Bloc_Recommend_Ex->process
/var/www/data/class_extends/page_extends/frontparts/bloc/LC_Page_FrontParts_Bloc_Recommend_Ex.php(54): LC_Page_FrontParts_Bloc_Recommend->process
/var/www/data/class/pages/frontparts/bloc/LC_Page_FrontParts_Bloc_Recommend.php(52): LC_Page_FrontParts_Bloc_Recommend->action
/var/www/data/class/pages/frontparts/bloc/LC_Page_FrontParts_Bloc_Recommend.php(68): LC_Page_FrontParts_Bloc_Recommend->lfGetRanking
/var/www/data/class/pages/frontparts/bloc/LC_Page_FrontParts_Bloc_Recommend.php(94): SC_Product->getListByProductIdsWithAgencyCode
/var/www/data/class/SC_Product.php(198): GC_Utils->gfDebugLog
2014/09/29 00:42:59 [/index.php] DEBUG
array product id from 192.168.218.1
customer_id = 4
/var/www/html/index.php(28): LC_Page_Index_Ex->process
/var/www/data/class_extends/page_extends/LC_Page_Index_Ex.php(54): LC_Page_Index->process
/var/www/data/class/pages/LC_Page_Index.php(54): LC_Page->sendResponse
/var/www/data/class/pages/LC_Page.php(247): SC_Display->prepare
/var/www/data/class/SC_Display.php(80): SC_View->getResponse
/var/www/data/class/SC_View.php(101): Smarty->fetch
/var/www/data/module/Smarty/libs/Smarty.class.php(1264): include
/var/www/data/Smarty/templates_c/bootcube/%%F1^F15^F158E3F4%%site_frame.tpl.php(95): Smarty->_smarty_include
/var/www/data/module/Smarty/libs/Smarty.class.php(1870): include
/var/www/data/Smarty/templates_c/bootcube/%%58^587^5876E692%%site_main.tpl.php(45): smarty_core_smarty_include_php
/var/www/data/module/Smarty/libs/internals/core.smarty_include_php.php(40): Smarty->_include
/var/www/data/module/Smarty/libs/Smarty.class.php(1924): include
/var/www/html/frontparts/bloc/recommend.php(30): LC_Page_FrontParts_Bloc_Recommend_Ex->process
/var/www/data/class_extends/page_extends/frontparts/bloc/LC_Page_FrontParts_Bloc_Recommend_Ex.php(54): LC_Page_FrontParts_Bloc_Recommend->process
/var/www/data/class/pages/frontparts/bloc/LC_Page_FrontParts_Bloc_Recommend.php(52): LC_Page_FrontParts_Bloc_Recommend->action
/var/www/data/class/pages/frontparts/bloc/LC_Page_FrontParts_Bloc_Recommend.php(68): LC_Page_FrontParts_Bloc_Recommend->lfGetRanking
/var/www/data/class/pages/frontparts/bloc/LC_Page_FrontParts_Bloc_Recommend.php(94): SC_Product->getListByProductIdsWithAgencyCode
/var/www/data/class/SC_Product.php(212): GC_Utils->gfDebugLog
2014/09/29 00:42:59 [/index.php] DEBUG
array products: from 192.168.218.1
customer_id = 4
/var/www/html/index.php(28): LC_Page_Index_Ex->process
/var/www/data/class_extends/page_extends/LC_Page_Index_Ex.php(54): LC_Page_Index->process
/var/www/data/class/pages/LC_Page_Index.php(54): LC_Page->sendResponse
/var/www/data/class/pages/LC_Page.php(247): SC_Display->prepare
/var/www/data/class/SC_Display.php(80): SC_View->getResponse
/var/www/data/class/SC_View.php(101): Smarty->fetch
/var/www/data/module/Smarty/libs/Smarty.class.php(1264): include
/var/www/data/Smarty/templates_c/bootcube/%%F1^F15^F158E3F4%%site_frame.tpl.php(95): Smarty->_smarty_include
/var/www/data/module/Smarty/libs/Smarty.class.php(1870): include
/var/www/data/Smarty/templates_c/bootcube/%%58^587^5876E692%%site_main.tpl.php(45): smarty_core_smarty_include_php
/var/www/data/module/Smarty/libs/internals/core.smarty_include_php.php(40): Smarty->_include
/var/www/data/module/Smarty/libs/Smarty.class.php(1924): include
/var/www/html/frontparts/bloc/recommend.php(30): LC_Page_FrontParts_Bloc_Recommend_Ex->process
/var/www/data/class_extends/page_extends/frontparts/bloc/LC_Page_FrontParts_Bloc_Recommend_Ex.php(54): LC_Page_FrontParts_Bloc_Recommend->process
/var/www/data/class/pages/frontparts/bloc/LC_Page_FrontParts_Bloc_Recommend.php(52): LC_Page_FrontParts_Bloc_Recommend->action
/var/www/data/class/pages/frontparts/bloc/LC_Page_FrontParts_Bloc_Recommend.php(68): LC_Page_FrontParts_Bloc_Recommend->lfGetRanking
/var/www/data/class/pages/frontparts/bloc/LC_Page_FrontParts_Bloc_Recommend.php(94): SC_Product->getListByProductIdsWithAgencyCode
/var/www/data/class/SC_Product.php(216): GC_Utils->gfDebugLog
2014/09/29 00:44:47 [/index.php] DEBUG
agency_code[] from 192.168.218.1
customer_id = 
/var/www/html/index.php(28): LC_Page_Index_Ex->process
/var/www/data/class_extends/page_extends/LC_Page_Index_Ex.php(54): LC_Page_Index->process
/var/www/data/class/pages/LC_Page_Index.php(54): LC_Page->sendResponse
/var/www/data/class/pages/LC_Page.php(247): SC_Display->prepare
/var/www/data/class/SC_Display.php(80): SC_View->getResponse
/var/www/data/class/SC_View.php(101): Smarty->fetch
/var/www/data/module/Smarty/libs/Smarty.class.php(1264): include
/var/www/data/Smarty/templates_c/bootcube/%%F1^F15^F158E3F4%%site_frame.tpl.php(95): Smarty->_smarty_include
/var/www/data/module/Smarty/libs/Smarty.class.php(1870): include
/var/www/data/Smarty/templates_c/bootcube/%%58^587^5876E692%%site_main.tpl.php(45): smarty_core_smarty_include_php
/var/www/data/module/Smarty/libs/internals/core.smarty_include_php.php(40): Smarty->_include
/var/www/data/module/Smarty/libs/Smarty.class.php(1924): include
/var/www/html/frontparts/bloc/recommend.php(30): LC_Page_FrontParts_Bloc_Recommend_Ex->process
/var/www/data/class_extends/page_extends/frontparts/bloc/LC_Page_FrontParts_Bloc_Recommend_Ex.php(54): LC_Page_FrontParts_Bloc_Recommend->process
/var/www/data/class/pages/frontparts/bloc/LC_Page_FrontParts_Bloc_Recommend.php(52): LC_Page_FrontParts_Bloc_Recommend->action
/var/www/data/class/pages/frontparts/bloc/LC_Page_FrontParts_Bloc_Recommend.php(68): LC_Page_FrontParts_Bloc_Recommend->lfGetRanking
/var/www/data/class/pages/frontparts/bloc/LC_Page_FrontParts_Bloc_Recommend.php(94): SC_Product->getListByProductIdsWithAgencyCode
/var/www/data/class/SC_Product.php(198): GC_Utils->gfDebugLog
2014/09/29 00:44:53 [/index.php] DEBUG
agency_code[50800353] from 192.168.218.1
customer_id = 4
/var/www/html/index.php(28): LC_Page_Index_Ex->process
/var/www/data/class_extends/page_extends/LC_Page_Index_Ex.php(54): LC_Page_Index->process
/var/www/data/class/pages/LC_Page_Index.php(54): LC_Page->sendResponse
/var/www/data/class/pages/LC_Page.php(247): SC_Display->prepare
/var/www/data/class/SC_Display.php(80): SC_View->getResponse
/var/www/data/class/SC_View.php(101): Smarty->fetch
/var/www/data/module/Smarty/libs/Smarty.class.php(1264): include
/var/www/data/Smarty/templates_c/bootcube/%%F1^F15^F158E3F4%%site_frame.tpl.php(95): Smarty->_smarty_include
/var/www/data/module/Smarty/libs/Smarty.class.php(1870): include
/var/www/data/Smarty/templates_c/bootcube/%%58^587^5876E692%%site_main.tpl.php(45): smarty_core_smarty_include_php
/var/www/data/module/Smarty/libs/internals/core.smarty_include_php.php(40): Smarty->_include
/var/www/data/module/Smarty/libs/Smarty.class.php(1924): include
/var/www/html/frontparts/bloc/recommend.php(30): LC_Page_FrontParts_Bloc_Recommend_Ex->process
/var/www/data/class_extends/page_extends/frontparts/bloc/LC_Page_FrontParts_Bloc_Recommend_Ex.php(54): LC_Page_FrontParts_Bloc_Recommend->process
/var/www/data/class/pages/frontparts/bloc/LC_Page_FrontParts_Bloc_Recommend.php(52): LC_Page_FrontParts_Bloc_Recommend->action
/var/www/data/class/pages/frontparts/bloc/LC_Page_FrontParts_Bloc_Recommend.php(68): LC_Page_FrontParts_Bloc_Recommend->lfGetRanking
/var/www/data/class/pages/frontparts/bloc/LC_Page_FrontParts_Bloc_Recommend.php(94): SC_Product->getListByProductIdsWithAgencyCode
/var/www/data/class/SC_Product.php(198): GC_Utils->gfDebugLog
2014/09/29 00:44:53 [/index.php] DEBUG
array product id from 192.168.218.1
customer_id = 4
/var/www/html/index.php(28): LC_Page_Index_Ex->process
/var/www/data/class_extends/page_extends/LC_Page_Index_Ex.php(54): LC_Page_Index->process
/var/www/data/class/pages/LC_Page_Index.php(54): LC_Page->sendResponse
/var/www/data/class/pages/LC_Page.php(247): SC_Display->prepare
/var/www/data/class/SC_Display.php(80): SC_View->getResponse
/var/www/data/class/SC_View.php(101): Smarty->fetch
/var/www/data/module/Smarty/libs/Smarty.class.php(1264): include
/var/www/data/Smarty/templates_c/bootcube/%%F1^F15^F158E3F4%%site_frame.tpl.php(95): Smarty->_smarty_include
/var/www/data/module/Smarty/libs/Smarty.class.php(1870): include
/var/www/data/Smarty/templates_c/bootcube/%%58^587^5876E692%%site_main.tpl.php(45): smarty_core_smarty_include_php
/var/www/data/module/Smarty/libs/internals/core.smarty_include_php.php(40): Smarty->_include
/var/www/data/module/Smarty/libs/Smarty.class.php(1924): include
/var/www/html/frontparts/bloc/recommend.php(30): LC_Page_FrontParts_Bloc_Recommend_Ex->process
/var/www/data/class_extends/page_extends/frontparts/bloc/LC_Page_FrontParts_Bloc_Recommend_Ex.php(54): LC_Page_FrontParts_Bloc_Recommend->process
/var/www/data/class/pages/frontparts/bloc/LC_Page_FrontParts_Bloc_Recommend.php(52): LC_Page_FrontParts_Bloc_Recommend->action
/var/www/data/class/pages/frontparts/bloc/LC_Page_FrontParts_Bloc_Recommend.php(68): LC_Page_FrontParts_Bloc_Recommend->lfGetRanking
/var/www/data/class/pages/frontparts/bloc/LC_Page_FrontParts_Bloc_Recommend.php(94): SC_Product->getListByProductIdsWithAgencyCode
/var/www/data/class/SC_Product.php(212): GC_Utils->gfDebugLog
2014/09/29 00:44:53 [/index.php] DEBUG
array products: from 192.168.218.1
customer_id = 4
/var/www/html/index.php(28): LC_Page_Index_Ex->process
/var/www/data/class_extends/page_extends/LC_Page_Index_Ex.php(54): LC_Page_Index->process
/var/www/data/class/pages/LC_Page_Index.php(54): LC_Page->sendResponse
/var/www/data/class/pages/LC_Page.php(247): SC_Display->prepare
/var/www/data/class/SC_Display.php(80): SC_View->getResponse
/var/www/data/class/SC_View.php(101): Smarty->fetch
/var/www/data/module/Smarty/libs/Smarty.class.php(1264): include
/var/www/data/Smarty/templates_c/bootcube/%%F1^F15^F158E3F4%%site_frame.tpl.php(95): Smarty->_smarty_include
/var/www/data/module/Smarty/libs/Smarty.class.php(1870): include
/var/www/data/Smarty/templates_c/bootcube/%%58^587^5876E692%%site_main.tpl.php(45): smarty_core_smarty_include_php
/var/www/data/module/Smarty/libs/internals/core.smarty_include_php.php(40): Smarty->_include
/var/www/data/module/Smarty/libs/Smarty.class.php(1924): include
/var/www/html/frontparts/bloc/recommend.php(30): LC_Page_FrontParts_Bloc_Recommend_Ex->process
/var/www/data/class_extends/page_extends/frontparts/bloc/LC_Page_FrontParts_Bloc_Recommend_Ex.php(54): LC_Page_FrontParts_Bloc_Recommend->process
/var/www/data/class/pages/frontparts/bloc/LC_Page_FrontParts_Bloc_Recommend.php(52): LC_Page_FrontParts_Bloc_Recommend->action
/var/www/data/class/pages/frontparts/bloc/LC_Page_FrontParts_Bloc_Recommend.php(68): LC_Page_FrontParts_Bloc_Recommend->lfGetRanking
/var/www/data/class/pages/frontparts/bloc/LC_Page_FrontParts_Bloc_Recommend.php(94): SC_Product->getListByProductIdsWithAgencyCode
/var/www/data/class/SC_Product.php(216): GC_Utils->gfDebugLog
2014/09/29 01:54:26 [/shopping/confirm.php] order complete. order_id=2 from 192.168.218.1
customer_id = 5
/var/www/html/shopping/confirm.php(29): LC_Page_Shopping_Confirm_Ex->process
/var/www/data/class_extends/page_extends/shopping/LC_Page_Shopping_Confirm_Ex.php(54): LC_Page_Shopping_Confirm->process
/var/www/data/class/pages/shopping/LC_Page_Shopping_Confirm.php(63): LC_Page_Shopping_Confirm->action
/var/www/data/class/pages/shopping/LC_Page_Shopping_Confirm.php(167): SC_Helper_Purchase->completeOrder
/var/www/data/class/helper/SC_Helper_Purchase.php(100): GC_Utils->gfPrintLog
2014/09/29 04:27:04 [/shopping/confirm.php] order complete. order_id=3 from 192.168.218.1
customer_id = 5
/var/www/html/shopping/confirm.php(29): LC_Page_Shopping_Confirm_Ex->process
/var/www/data/class_extends/page_extends/shopping/LC_Page_Shopping_Confirm_Ex.php(54): LC_Page_Shopping_Confirm->process
/var/www/data/class/pages/shopping/LC_Page_Shopping_Confirm.php(63): LC_Page_Shopping_Confirm->action
/var/www/data/class/pages/shopping/LC_Page_Shopping_Confirm.php(167): SC_Helper_Purchase->completeOrder
/var/www/data/class/helper/SC_Helper_Purchase.php(100): GC_Utils->gfPrintLog
2014/09/29 15:23:16 [/shopping/confirm.php] order complete. order_id=1 from 192.168.218.1
customer_id = 3
/var/www/html/shopping/confirm.php(29): LC_Page_Shopping_Confirm_Ex->process
/var/www/data/class_extends/page_extends/shopping/LC_Page_Shopping_Confirm_Ex.php(54): LC_Page_Shopping_Confirm->process
/var/www/data/class/pages/shopping/LC_Page_Shopping_Confirm.php(63): LC_Page_Shopping_Confirm->action
/var/www/data/class/pages/shopping/LC_Page_Shopping_Confirm.php(167): SC_Helper_Purchase->completeOrder
/var/www/data/class/helper/SC_Helper_Purchase.php(100): GC_Utils->gfPrintLog
2014/09/29 16:41:49 [/shopping/confirm.php] order complete. order_id=2 from 192.168.218.1
customer_id = 4
/var/www/html/shopping/confirm.php(29): LC_Page_Shopping_Confirm_Ex->process
/var/www/data/class_extends/page_extends/shopping/LC_Page_Shopping_Confirm_Ex.php(54): LC_Page_Shopping_Confirm->process
/var/www/data/class/pages/shopping/LC_Page_Shopping_Confirm.php(63): LC_Page_Shopping_Confirm->action
/var/www/data/class/pages/shopping/LC_Page_Shopping_Confirm.php(167): SC_Helper_Purchase->completeOrder
/var/www/data/class/helper/SC_Helper_Purchase.php(100): GC_Utils->gfPrintLog
2014/09/29 23:16:17 [/preview/index.php] access : user=taheebo auth=0 sid=7vgvdhsiq01v1jirienhfmmv43 from 192.168.218.1
customer_id = 
/var/www/html/preview/index.php(29): LC_Page_Preview_Ex->process
/var/www/data/class_extends/page_extends/preview/LC_Page_Preview_Ex.php(54): LC_Page_Preview->process
/var/www/data/class/pages/preview/LC_Page_Preview.php(55): SC_Session->__construct
/var/www/data/class/SC_Session.php(61): GC_Utils->gfPrintLog
2014/09/29 23:17:28 [/preview/index.php] access : user=taheebo auth=0 sid=7vgvdhsiq01v1jirienhfmmv43 from 192.168.218.1
customer_id = 
/var/www/html/preview/index.php(29): LC_Page_Preview_Ex->process
/var/www/data/class_extends/page_extends/preview/LC_Page_Preview_Ex.php(54): LC_Page_Preview->process
/var/www/data/class/pages/preview/LC_Page_Preview.php(55): SC_Session->__construct
/var/www/data/class/SC_Session.php(61): GC_Utils->gfPrintLog
2014/09/29 23:20:21 [/preview/index.php] access : user=taheebo auth=0 sid=7vgvdhsiq01v1jirienhfmmv43 from 192.168.218.1
customer_id = 
/var/www/html/preview/index.php(29): LC_Page_Preview_Ex->process
/var/www/data/class_extends/page_extends/preview/LC_Page_Preview_Ex.php(54): LC_Page_Preview->process
/var/www/data/class/pages/preview/LC_Page_Preview.php(55): SC_Session->__construct
/var/www/data/class/SC_Session.php(61): GC_Utils->gfPrintLog
2014/09/29 23:20:55 [/preview/index.php] access : user=taheebo auth=0 sid=7vgvdhsiq01v1jirienhfmmv43 from 192.168.218.1
customer_id = 
/var/www/html/preview/index.php(29): LC_Page_Preview_Ex->process
/var/www/data/class_extends/page_extends/preview/LC_Page_Preview_Ex.php(54): LC_Page_Preview->process
/var/www/data/class/pages/preview/LC_Page_Preview.php(55): SC_Session->__construct
/var/www/data/class/SC_Session.php(61): GC_Utils->gfPrintLog
2014/09/29 23:21:41 [/preview/index.php] access : user=taheebo auth=0 sid=7vgvdhsiq01v1jirienhfmmv43 from 192.168.218.1
customer_id = 
/var/www/html/preview/index.php(29): LC_Page_Preview_Ex->process
/var/www/data/class_extends/page_extends/preview/LC_Page_Preview_Ex.php(54): LC_Page_Preview->process
/var/www/data/class/pages/preview/LC_Page_Preview.php(55): SC_Session->__construct
/var/www/data/class/SC_Session.php(61): GC_Utils->gfPrintLog
2014/09/29 23:25:43 [/preview/index.php] access : user=taheebo auth=0 sid=7vgvdhsiq01v1jirienhfmmv43 from 192.168.218.1
customer_id = 
/var/www/html/preview/index.php(29): LC_Page_Preview_Ex->process
/var/www/data/class_extends/page_extends/preview/LC_Page_Preview_Ex.php(54): LC_Page_Preview->process
/var/www/data/class/pages/preview/LC_Page_Preview.php(55): SC_Session->__construct
/var/www/data/class/SC_Session.php(61): GC_Utils->gfPrintLog
2014/10/05 01:53:53 [/shopping/confirm.php] order complete. order_id=4 from 192.168.218.1
customer_id = 6
/var/www/html/shopping/confirm.php(29): LC_Page_Shopping_Confirm_Ex->process
/var/www/data/class_extends/page_extends/shopping/LC_Page_Shopping_Confirm_Ex.php(54): LC_Page_Shopping_Confirm->process
/var/www/data/class/pages/shopping/LC_Page_Shopping_Confirm.php(63): LC_Page_Shopping_Confirm->action
/var/www/data/class/pages/shopping/LC_Page_Shopping_Confirm.php(167): SC_Helper_Purchase->completeOrder
/var/www/data/class/helper/SC_Helper_Purchase.php(100): GC_Utils->gfPrintLog
2014/10/06 03:43:11 [/preview/index.php] access : user=taheebo auth=0 sid=at9gl9kbhitv5g3ngn2b07ip53 from 192.168.218.1
customer_id = 7
/var/www/html/preview/index.php(29): LC_Page_Preview_Ex->process
/var/www/data/class_extends/page_extends/preview/LC_Page_Preview_Ex.php(54): LC_Page_Preview->process
/var/www/data/class/pages/preview/LC_Page_Preview.php(55): SC_Session->__construct
/var/www/data/class/SC_Session.php(61): GC_Utils->gfPrintLog
2014/10/06 10:53:40 [/preview/index.php] access : user=taheebo auth=0 sid=eitb0gjiluv61av3g6l48skpj0 from 192.168.218.1
customer_id = 3
/var/www/html/preview/index.php(29): LC_Page_Preview_Ex->process
/var/www/data/class_extends/page_extends/preview/LC_Page_Preview_Ex.php(54): LC_Page_Preview->process
/var/www/data/class/pages/preview/LC_Page_Preview.php(55): SC_Session->__construct
/var/www/data/class/SC_Session.php(61): GC_Utils->gfPrintLog
2014/10/06 11:01:09 [/preview/index.php] access : user=taheebo auth=0 sid=eitb0gjiluv61av3g6l48skpj0 from 192.168.218.1
customer_id = 3
/var/www/html/preview/index.php(29): LC_Page_Preview_Ex->process
/var/www/data/class_extends/page_extends/preview/LC_Page_Preview_Ex.php(54): LC_Page_Preview->process
/var/www/data/class/pages/preview/LC_Page_Preview.php(55): SC_Session->__construct
/var/www/data/class/SC_Session.php(61): GC_Utils->gfPrintLog
2014/10/06 13:39:59 [/preview/index.php] access : user=taheebo auth=0 sid=eitb0gjiluv61av3g6l48skpj0 from 192.168.218.1
customer_id = 3
/var/www/html/preview/index.php(29): LC_Page_Preview_Ex->process
/var/www/data/class_extends/page_extends/preview/LC_Page_Preview_Ex.php(54): LC_Page_Preview->process
/var/www/data/class/pages/preview/LC_Page_Preview.php(55): SC_Session->__construct
/var/www/data/class/SC_Session.php(61): GC_Utils->gfPrintLog
2014/10/06 13:40:09 [/preview/index.php] access : user=taheebo auth=0 sid=eitb0gjiluv61av3g6l48skpj0 from 192.168.218.1
customer_id = 3
/var/www/html/preview/index.php(29): LC_Page_Preview_Ex->process
/var/www/data/class_extends/page_extends/preview/LC_Page_Preview_Ex.php(54): LC_Page_Preview->process
/var/www/data/class/pages/preview/LC_Page_Preview.php(55): SC_Session->__construct
/var/www/data/class/SC_Session.php(61): GC_Utils->gfPrintLog
2014/10/06 17:46:15 [/index.php] order cancel.(time expire) order_id=2 from 192.168.218.1
customer_id = 
/var/www/html/index.php(28): LC_Page_Index_Ex->process
/var/www/data/class_extends/page_extends/LC_Page_Index_Ex.php(54): LC_Page_Index->process
/var/www/data/class/pages/LC_Page_Index.php(53): LC_Page_Index->action
/var/www/data/class/pages/LC_Page_Index.php(66): SC_Helper_Purchase->cancelPendingOrder
/var/www/data/class/helper/SC_Helper_Purchase.php(1366): SC_Helper_Purchase->checkDbAllPendingOrder
/var/www/data/class/helper/SC_Helper_Purchase.php(1388): GC_Utils->gfPrintLog
2014/11/07 01:47:43 [/preview/index.php] access : user=taheebo auth=0 sid=rqbk2js2qg5he0lf5r0ros3u94 from 192.168.218.1
customer_id = 4
/var/www/html/preview/index.php(29): LC_Page_Preview_Ex->process
/var/www/data/class_extends/page_extends/preview/LC_Page_Preview_Ex.php(54): LC_Page_Preview->process
/var/www/data/class/pages/preview/LC_Page_Preview.php(55): SC_Session->__construct
/var/www/data/class/SC_Session.php(61): GC_Utils->gfPrintLog
